<?xml version="1.0" encoding="utf-8"?><testsuites name="pytest tests"><testsuite name="pytest" errors="0" failures="0" skipped="2" tests="2224" time="72.865" timestamp="2026-09-16T11:07:38.791407+09:00" hostname="AICA_HRD"><testcase classname="tests.test_check_ai_signature" name="test_signature_lines_fail[Co-Authored-By: Claude &lt;noreply@anthropic.com&gt;]" time="0.106" /><testcase classname="tests.test_check_ai_signature" name="test_signature_lines_fail[Co-authored-by: Copilot &lt;copilot@github.com&gt;]" time="0.094" /><testcase classname="tests.test_check_ai_signature" name="test_signature_lines_fail[Claude-Session: https://claude.ai/code/session_01ABCdef]" time="0.107" /><testcase classname="tests.test_check_ai_signature" name="test_signature_lines_fail[https://claude.ai/code/session_01ABCdef]" time="0.105" /><testcase classname="tests.test_check_ai_signature" name="test_signature_lines_fail[\U0001f916 Generated with [Claude Code](https://claude.com/claude-code)]" time="0.127" /><testcase classname="tests.test_check_ai_signature" name="test_signature_lines_fail[https://chatgpt.com/codex/tasks/task_e_abc123]" time="0.103" /><testcase classname="tests.test_check_ai_signature" name="test_rule_mentions_and_human_coauthors_pass[- Claude.md: AI \uc791\uc131 \ucee4\ubc0b\uc5d0 Co-Authored-By \ud2b8\ub808\uc77c\ub7ec\ub97c \ubd99\uc774\uc9c0 \uc54a\ub3c4\ub85d \uaddc\uce59 \ubcc0\uacbd]" time="0.099" /><testcase classname="tests.test_check_ai_signature" name="test_rule_mentions_and_human_coauthors_pass[- `Claude-Session:` \ud2b8\ub808\uc77c\ub7ec\uc640 \uc138\uc158 \ub9c1\ud06c\ub97c \uae08\uc9c0\ud55c\ub2e4]" time="0.089" /><testcase classname="tests.test_check_ai_signature" name="test_rule_mentions_and_human_coauthors_pass[Co-Authored-By: Park Ji Hyeon &lt;jihyeon@example.com&gt;]" time="0.084" /><testcase classname="tests.test_check_ai_signature" name="test_commit_range_catches_trailer" time="0.539" /><testcase classname="tests.test_check_ai_signature" name="test_commit_range_outside_is_not_checked" time="0.547" /><testcase classname="tests.test_check_ai_signature" name="test_missing_base_falls_back_to_head_commit" time="0.483" /><testcase classname="tests.test_e2e_scenario" name="test_t1_input_case_matches_the_numbers_quoted_in_the_document" time="0.001" /><testcase classname="tests.test_e2e_scenario" name="test_t1_target_is_not_production_so_the_verdict_is_not_absorbed" time="0.001" /><testcase classname="tests.test_e2e_scenario" name="test_t1_rightsizing_is_a_finops_runbook_paired_with_revert_size" time="0.000" /><testcase classname="tests.test_e2e_scenario" name="test_t1_auto_rollback_trigger_source_exists_in_the_contract" time="0.000" /><testcase classname="tests.test_e2e_scenario" name="test_t2_input_case_matches_the_numbers_quoted_in_the_document" time="0.001" /><testcase classname="tests.test_e2e_scenario" name="test_t2_and_t1_meet_on_the_same_instance" time="0.002" /><testcase classname="tests.test_e2e_scenario" name="test_t2_must_not_use_the_open_ip_case" time="0.002" /><testcase classname="tests.test_e2e_scenario" name="test_t2_restore_is_a_main_runbook_so_the_release_button_is_not_a_recovery_action" time="0.001" /><testcase classname="tests.test_e2e_scenario" name="test_t2_response_mode_and_trigger_source_are_different_axes" time="0.000" /><testcase classname="tests.test_e2e_scenario" name="test_demo_tracks_avoid_the_p2_runbooks" time="0.000" /><testcase classname="tests.test_e2e_scenario" name="test_finops_incident_carries_no_risk_fields" time="0.001" /><testcase classname="tests.test_e2e_scenario" name="test_t1_idle_ec2_downsize_and_auto_rollback_flow" time="0.000"><skipped type="pytest.skip" message="Status Check 실패 주입 방법 없음 — 설계서 §대조 3번(주입 방법). FinOps 배선은 #306, 자동 원복은 3-B 로 해소됨 (#241 / PR #256) · 이슈 #301 · #246">C:\labs\team\vigilantis\.worktrees\issue-347\tests\test_e2e_scenario.py:283: Status Check 실패 주입 방법 없음 — 설계서 §대조 3번(주입 방법). FinOps 배선은 #306, 자동 원복은 3-B 로 해소됨 (#241 / PR #256) · 이슈 #301 · #246</skipped></testcase><testcase classname="tests.test_e2e_scenario" name="test_t2_ssh_bruteforce_block_and_one_click_release_flow" time="0.000"><skipped type="pytest.skip" message="SECOPS Incident의 AI 분석(SecOps 그래프 #323) 미연결 — 차단 후보를 내는 주체 없음 (위협 접수 #322 · NACL 2종 실행 #297·#298 · 해제 후보 생성 #329로 해소, #306은 FinOps 배선) — 설계서 §대조 1번·9번. SSOT 5주차 판정 기준 ⓑ · 이슈 #301 · #246">C:\labs\team\vigilantis\.worktrees\issue-347\tests\test_e2e_scenario.py:311: SECOPS Incident의 AI 분석(SecOps 그래프 #323) 미연결 — 차단 후보를 내는 주체 없음 (위협 접수 #322 · NACL 2종 실행 #297·#298 · 해제 후보 생성 #329로 해소, #306은 FinOps 배선) — 설계서 §대조 1번·9번. SSOT 5주차 판정 기준 ⓑ · 이슈 #301 · #246</skipped></testcase><testcase classname="tests.test_execution_harness" name="test_candidate_params_cover_every_ai_recommendable_runbook" time="0.000" /><testcase classname="tests.test_execution_harness" name="test_candidate_factory_builds_every_ai_recommendable_runbook[RUNBOOK_EBS_DELETE_UNATTACHED]" time="0.001" /><testcase classname="tests.test_execution_harness" name="test_candidate_factory_builds_every_ai_recommendable_runbook[RUNBOOK_EC2_ENABLE_AUTOSCALING]" time="0.001" /><testcase classname="tests.test_execution_harness" name="test_candidate_factory_builds_every_ai_recommendable_runbook[RUNBOOK_EC2_ISOLATE]" time="0.001" /><testcase classname="tests.test_execution_harness" name="test_candidate_factory_builds_every_ai_recommendable_runbook[RUNBOOK_EC2_RIGHTSIZING]" time="0.001" /><testcase classname="tests.test_execution_harness" name="test_candidate_factory_builds_every_ai_recommendable_runbook[RUNBOOK_NACL_ADD_DENY]" time="0.001" /><testcase classname="tests.test_execution_harness" name="test_candidate_factory_builds_every_ai_recommendable_runbook[RUNBOOK_NACL_RESTORE]" time="0.001" /><testcase classname="tests.test_execution_harness" name="test_candidate_factory_builds_every_ai_recommendable_runbook[RUNBOOK_SG_DELETE_ISOLATED]" time="0.001" /><testcase classname="tests.test_execution_harness" name="test_precheck_parameters_point_at_the_same_resource_as_the_target_arn[RUNBOOK_EBS_DELETE_UNATTACHED]" time="0.001" /><testcase classname="tests.test_execution_harness" name="test_precheck_parameters_point_at_the_same_resource_as_the_target_arn[RUNBOOK_EC2_ENABLE_AUTOSCALING]" time="0.001" /><testcase classname="tests.test_execution_harness" name="test_precheck_parameters_point_at_the_same_resource_as_the_target_arn[RUNBOOK_EC2_ISOLATE]" time="0.002" /><testcase classname="tests.test_execution_harness" name="test_precheck_parameters_point_at_the_same_resource_as_the_target_arn[RUNBOOK_EC2_RIGHTSIZING]" time="0.001" /><testcase classname="tests.test_execution_harness" name="test_precheck_parameters_point_at_the_same_resource_as_the_target_arn[RUNBOOK_NACL_ADD_DENY]" time="0.001" /><testcase classname="tests.test_execution_harness" name="test_precheck_parameters_point_at_the_same_resource_as_the_target_arn[RUNBOOK_NACL_RESTORE]" time="0.001" /><testcase classname="tests.test_execution_harness" name="test_precheck_parameters_point_at_the_same_resource_as_the_target_arn[RUNBOOK_SG_DELETE_ISOLATED]" time="0.001" /><testcase classname="tests.test_execution_harness" name="test_candidate_factory_refuses_rollback_runbooks[RUNBOOK_EC2_UNISOLATE]" time="0.001" /><testcase classname="tests.test_execution_harness" name="test_candidate_factory_refuses_rollback_runbooks[RUNBOOK_SG_RECREATE]" time="0.001" /><testcase classname="tests.test_execution_harness" name="test_candidate_factory_refuses_rollback_runbooks[RUNBOOK_EC2_REVERT_SIZE]" time="0.001" /><testcase classname="tests.test_execution_harness" name="test_idempotency_keys_are_unique_and_within_the_column_width" time="0.001" /><testcase classname="tests.test_execution_harness" name="test_idempotency_key_factory_fails_loudly_instead_of_truncating" time="0.001" /><testcase classname="tests.test_execution_harness" name="test_execute_request_carries_only_the_ssot_three_fields" time="0.001" /><testcase classname="tests.test_execution_harness" name="test_backup_required_runbooks_are_exactly_the_four_restore_runbooks" time="0.000" /><testcase classname="tests.test_execution_harness" name="test_backup_loader_serves_the_record_by_id_and_by_target[RUNBOOK_EC2_REVERT_SIZE]" time="0.000" /><testcase classname="tests.test_execution_harness" name="test_backup_loader_serves_the_record_by_id_and_by_target[RUNBOOK_EC2_UNISOLATE]" time="0.001" /><testcase classname="tests.test_execution_harness" name="test_backup_loader_serves_the_record_by_id_and_by_target[RUNBOOK_NACL_RESTORE]" time="0.000" /><testcase classname="tests.test_execution_harness" name="test_backup_loader_serves_the_record_by_id_and_by_target[RUNBOOK_SG_RECREATE]" time="0.000" /><testcase classname="tests.test_execution_harness" name="test_backup_loader_honours_payload_match" time="0.000" /><testcase classname="tests.test_execution_harness" name="test_backup_record_factory_refuses_runbooks_that_do_not_use_backups" time="0.001" /><testcase classname="tests.test_execution_harness" name="test_p2_premise_covers_all_three_runbooks" time="0.001" /><testcase classname="tests.test_execution_harness" name="test_p2_premise_is_expressed_per_guardrail_context" time="0.001" /><testcase classname="tests.test_execution_harness" name="test_unisolate_premise_lives_only_in_the_rollback_context" time="0.001" /><testcase classname="tests.test_execution_harness" name="test_p2_cases_name_the_service_that_localstack_community_lacks" time="0.001" /><testcase classname="tests.test_execution_harness" name="test_p2_case_ids_are_unique[RUNBOOK_EC2_ISOLATE-AI_CANDIDATE]" time="0.001" /><testcase classname="tests.test_execution_harness" name="test_p2_case_ids_are_unique[RUNBOOK_EC2_ISOLATE-AUTO_ISOLATION]" time="0.001" /><testcase classname="tests.test_execution_harness" name="test_p2_case_ids_are_unique[RUNBOOK_EC2_UNISOLATE-ROLLBACK_EXECUTION]" time="0.001" /><testcase classname="tests.test_execution_harness" name="test_p2_case_ids_are_unique[RUNBOOK_EC2_ENABLE_AUTOSCALING-AI_CANDIDATE]" time="0.001" /><testcase classname="tests.test_execution_harness" name="test_local_fail_premise_is_gated_on_the_deployment_switch" time="0.001" /><testcase classname="tests.test_execution_harness_localstack" name="test_seed_provides_every_instance_the_scenarios_need" time="0.478" /><testcase classname="tests.test_execution_harness_localstack" name="test_seeded_instance_arn_round_trips_through_the_parser" time="0.020" /><testcase classname="tests.test_execution_harness_localstack" name="test_p2_table_missing_service_appears_in_the_measured_summary[RUNBOOK_EC2_ENABLE_AUTOSCALING]" time="0.096" /><testcase classname="tests.test_execution_harness_localstack" name="test_p2_table_missing_service_appears_in_the_measured_summary[RUNBOOK_EC2_ISOLATE]" time="0.096" /><testcase classname="tests.test_execution_harness_localstack" name="test_p2_table_missing_service_appears_in_the_measured_summary[RUNBOOK_EC2_UNISOLATE]" time="0.110" /><testcase classname="tests.test_execution_harness_localstack" name="test_fake_backup_loader_satisfies_the_real_precheck_path" time="0.077" /><testcase classname="tests.test_golden_ai_dataset" name="test_expected_ai_pairs_with_every_input_that_has_cost_candidates" time="0.006" /><testcase classname="tests.test_golden_ai_dataset" name="test_expected_ai_covers_the_whole_fixed_set" time="0.006" /><testcase classname="tests.test_golden_ai_dataset" name="test_expected_ai_input_facts_match_the_converter[A1]" time="0.003" /><testcase classname="tests.test_golden_ai_dataset" name="test_expected_ai_input_facts_match_the_converter[A7]" time="0.002" /><testcase classname="tests.test_golden_ai_dataset" name="test_expected_ai_input_facts_match_the_converter[A11]" time="0.001" /><testcase classname="tests.test_golden_ai_dataset" name="test_expected_ai_input_facts_match_the_converter[A12]" time="0.001" /><testcase classname="tests.test_golden_ai_dataset" name="test_expected_ai_input_facts_match_the_converter[A14]" time="0.001" /><testcase classname="tests.test_golden_ai_dataset" name="test_expected_ai_input_facts_match_the_converter[A16]" time="0.001" /><testcase classname="tests.test_golden_ai_dataset" name="test_expected_ai_spec_does_not_contradict_the_contract[A1]" time="0.000" /><testcase classname="tests.test_golden_ai_dataset" name="test_expected_ai_spec_does_not_contradict_the_contract[A7]" time="0.000" /><testcase classname="tests.test_golden_ai_dataset" name="test_expected_ai_spec_does_not_contradict_the_contract[A11]" time="0.001" /><testcase classname="tests.test_golden_ai_dataset" name="test_expected_ai_spec_does_not_contradict_the_contract[A12]" time="0.001" /><testcase classname="tests.test_golden_ai_dataset" name="test_expected_ai_spec_does_not_contradict_the_contract[A14]" time="0.000" /><testcase classname="tests.test_golden_ai_dataset" name="test_expected_ai_spec_does_not_contradict_the_contract[A16]" time="0.001" /><testcase classname="tests.test_golden_ai_dataset" name="test_golden_input_satisfies_the_expected_ai_spec[A1]" time="0.007" /><testcase classname="tests.test_golden_ai_dataset" name="test_golden_input_satisfies_the_expected_ai_spec[A7]" time="0.004" /><testcase classname="tests.test_golden_ai_dataset" name="test_golden_input_satisfies_the_expected_ai_spec[A11]" time="0.004" /><testcase classname="tests.test_golden_ai_dataset" name="test_golden_input_satisfies_the_expected_ai_spec[A12]" time="0.005" /><testcase classname="tests.test_golden_ai_dataset" name="test_golden_input_satisfies_the_expected_ai_spec[A14]" time="0.004" /><testcase classname="tests.test_golden_ai_dataset" name="test_golden_input_satisfies_the_expected_ai_spec[A16]" time="0.005" /><testcase classname="tests.test_golden_ai_dataset" name="test_graph_rejects_a_target_arn_outside_the_input_assets" time="0.006" /><testcase classname="tests.test_golden_ai_dataset" name="test_graph_rejects_a_runbook_outside_the_offered_capabilities" time="0.004" /><testcase classname="tests.test_golden_dataset" name="test_secops_input_validates[evt_open_ip_001.json]" time="0.001" /><testcase classname="tests.test_golden_dataset" name="test_secops_input_validates[evt_open_ip_002.json]" time="0.001" /><testcase classname="tests.test_golden_dataset" name="test_secops_input_validates[evt_open_ip_003.json]" time="0.001" /><testcase classname="tests.test_golden_dataset" name="test_secops_input_validates[evt_open_ip_004.json]" time="0.001" /><testcase classname="tests.test_golden_dataset" name="test_secops_input_validates[evt_open_ip_005.json]" time="0.001" /><testcase classname="tests.test_golden_dataset" name="test_secops_input_validates[evt_open_ip_006.json]" time="0.001" /><testcase classname="tests.test_golden_dataset" name="test_secops_input_validates[evt_open_ip_007.json]" time="0.001" /><testcase classname="tests.test_golden_dataset" name="test_secops_input_validates[evt_open_ip_008.json]" time="0.001" /><testcase classname="tests.test_golden_dataset" name="test_secops_input_validates[evt_open_ip_009.json]" time="0.001" /><testcase classname="tests.test_golden_dataset" name="test_secops_input_validates[evt_ssh_bruteforce_001.json]" time="0.001" /><testcase classname="tests.test_golden_dataset" name="test_secops_input_validates[evt_ssh_bruteforce_002.json]" time="0.001" /><testcase classname="tests.test_golden_dataset" name="test_secops_input_validates[evt_ssh_bruteforce_003.json]" time="0.001" /><testcase classname="tests.test_golden_dataset" name="test_secops_input_validates[evt_ssh_bruteforce_004.json]" time="0.001" /><testcase classname="tests.test_golden_dataset" name="test_secops_input_validates[evt_ssh_bruteforce_005.json]" time="0.001" /><testcase classname="tests.test_golden_dataset" name="test_secops_input_validates[evt_ssh_bruteforce_006.json]" time="0.001" /><testcase classname="tests.test_golden_dataset" name="test_secops_input_validates[evt_ssh_bruteforce_007.json]" time="0.001" /><testcase classname="tests.test_golden_dataset" name="test_finops_input_validates[asset_inventory_001.json]" time="0.001" /><testcase classname="tests.test_golden_dataset" name="test_finops_input_validates[asset_inventory_002.json]" time="0.002" /><testcase classname="tests.test_golden_dataset" name="test_finops_input_validates[asset_inventory_003.json]" time="0.002" /><testcase classname="tests.test_golden_dataset" name="test_finops_input_validates[asset_inventory_004.json]" time="0.001" /><testcase classname="tests.test_golden_dataset" name="test_finops_input_validates[asset_inventory_005.json]" time="0.001" /><testcase classname="tests.test_golden_dataset" name="test_finops_input_has_no_verdict_fields[asset_inventory_001.json]" time="0.001" /><testcase classname="tests.test_golden_dataset" name="test_finops_input_has_no_verdict_fields[asset_inventory_002.json]" time="0.001" /><testcase classname="tests.test_golden_dataset" name="test_finops_input_has_no_verdict_fields[asset_inventory_003.json]" time="0.001" /><testcase classname="tests.test_golden_dataset" name="test_finops_input_has_no_verdict_fields[asset_inventory_004.json]" time="0.001" /><testcase classname="tests.test_golden_dataset" name="test_finops_input_has_no_verdict_fields[asset_inventory_005.json]" time="0.001" /><testcase classname="tests.test_golden_dataset" name="test_thresholds_not_drifted[asset_inventory_001.json-asset_inventory_001.json]" time="0.002" /><testcase classname="tests.test_golden_dataset" name="test_thresholds_not_drifted[asset_inventory_002.json-asset_inventory_002.json]" time="0.002" /><testcase classname="tests.test_golden_dataset" name="test_thresholds_not_drifted[asset_inventory_003.json-asset_inventory_003.json]" time="0.001" /><testcase classname="tests.test_golden_dataset" name="test_thresholds_not_drifted[asset_inventory_004.json-asset_inventory_004.json]" time="0.001" /><testcase classname="tests.test_golden_dataset" name="test_thresholds_not_drifted[asset_inventory_005.json-asset_inventory_005.json]" time="0.001" /><testcase classname="tests.test_golden_dataset" name="test_finops_verdicts_match_expected[asset_inventory_001.json-asset_inventory_001.json]" time="0.002" /><testcase classname="tests.test_golden_dataset" name="test_finops_verdicts_match_expected[asset_inventory_002.json-asset_inventory_002.json]" time="0.002" /><testcase classname="tests.test_golden_dataset" name="test_finops_verdicts_match_expected[asset_inventory_003.json-asset_inventory_003.json]" time="0.002" /><testcase classname="tests.test_golden_dataset" name="test_finops_verdicts_match_expected[asset_inventory_004.json-asset_inventory_004.json]" time="0.002" /><testcase classname="tests.test_golden_dataset" name="test_finops_verdicts_match_expected[asset_inventory_005.json-asset_inventory_005.json]" time="0.002" /><testcase classname="tests.test_golden_dataset" name="test_finops_expected_has_no_runtime_fields" time="0.003" /><testcase classname="tests.test_golden_dataset" name="test_judgement_free_exemption_is_derived_from_the_contract" time="0.001" /><testcase classname="tests.test_golden_dataset" name="test_finops_expected_covers_every_input_asset[asset_inventory_001.json-asset_inventory_001.json]" time="0.002" /><testcase classname="tests.test_golden_dataset" name="test_finops_expected_covers_every_input_asset[asset_inventory_002.json-asset_inventory_002.json]" time="0.002" /><testcase classname="tests.test_golden_dataset" name="test_finops_expected_covers_every_input_asset[asset_inventory_003.json-asset_inventory_003.json]" time="0.002" /><testcase classname="tests.test_golden_dataset" name="test_finops_expected_covers_every_input_asset[asset_inventory_004.json-asset_inventory_004.json]" time="0.002" /><testcase classname="tests.test_golden_dataset" name="test_finops_expected_covers_every_input_asset[asset_inventory_005.json-asset_inventory_005.json]" time="0.001" /><testcase classname="tests.test_golden_dataset" name="test_secops_thresholds_not_drifted[evt_open_ip_001.json-evt_open_ip_001.json]" time="0.001" /><testcase classname="tests.test_golden_dataset" name="test_secops_thresholds_not_drifted[evt_open_ip_002.json-evt_open_ip_002.json]" time="0.001" /><testcase classname="tests.test_golden_dataset" name="test_secops_thresholds_not_drifted[evt_open_ip_003.json-evt_open_ip_003.json]" time="0.001" /><testcase classname="tests.test_golden_dataset" name="test_secops_thresholds_not_drifted[evt_open_ip_004.json-evt_open_ip_004.json]" time="0.001" /><testcase classname="tests.test_golden_dataset" name="test_secops_thresholds_not_drifted[evt_open_ip_005.json-evt_open_ip_005.json]" time="0.001" /><testcase classname="tests.test_golden_dataset" name="test_secops_thresholds_not_drifted[evt_open_ip_006.json-evt_open_ip_006.json]" time="0.001" /><testcase classname="tests.test_golden_dataset" name="test_secops_thresholds_not_drifted[evt_open_ip_007.json-evt_open_ip_007.json]" time="0.001" /><testcase classname="tests.test_golden_dataset" name="test_secops_thresholds_not_drifted[evt_open_ip_008.json-evt_open_ip_008.json]" time="0.001" /><testcase classname="tests.test_golden_dataset" name="test_secops_thresholds_not_drifted[evt_open_ip_009.json-evt_open_ip_009.json]" time="0.001" /><testcase classname="tests.test_golden_dataset" name="test_secops_thresholds_not_drifted[evt_ssh_bruteforce_001.json-evt_ssh_bruteforce_001.json]" time="0.001" /><testcase classname="tests.test_golden_dataset" name="test_secops_thresholds_not_drifted[evt_ssh_bruteforce_002.json-evt_ssh_bruteforce_002.json]" time="0.001" /><testcase classname="tests.test_golden_dataset" name="test_secops_thresholds_not_drifted[evt_ssh_bruteforce_003.json-evt_ssh_bruteforce_003.json]" time="0.001" /><testcase classname="tests.test_golden_dataset" name="test_secops_thresholds_not_drifted[evt_ssh_bruteforce_004.json-evt_ssh_bruteforce_004.json]" time="0.002" /><testcase classname="tests.test_golden_dataset" name="test_secops_thresholds_not_drifted[evt_ssh_bruteforce_005.json-evt_ssh_bruteforce_005.json]" time="0.001" /><testcase classname="tests.test_golden_dataset" name="test_secops_thresholds_not_drifted[evt_ssh_bruteforce_006.json-evt_ssh_bruteforce_006.json]" time="0.001" /><testcase classname="tests.test_golden_dataset" name="test_secops_thresholds_not_drifted[evt_ssh_bruteforce_007.json-evt_ssh_bruteforce_007.json]" time="0.001" /><testcase classname="tests.test_golden_dataset" name="test_secops_verdicts_match_expected[evt_open_ip_001.json-evt_open_ip_001.json]" time="0.001" /><testcase classname="tests.test_golden_dataset" name="test_secops_verdicts_match_expected[evt_open_ip_002.json-evt_open_ip_002.json]" time="0.001" /><testcase classname="tests.test_golden_dataset" name="test_secops_verdicts_match_expected[evt_open_ip_003.json-evt_open_ip_003.json]" time="0.001" /><testcase classname="tests.test_golden_dataset" name="test_secops_verdicts_match_expected[evt_open_ip_004.json-evt_open_ip_004.json]" time="0.001" /><testcase classname="tests.test_golden_dataset" name="test_secops_verdicts_match_expected[evt_open_ip_005.json-evt_open_ip_005.json]" time="0.001" /><testcase classname="tests.test_golden_dataset" name="test_secops_verdicts_match_expected[evt_open_ip_006.json-evt_open_ip_006.json]" time="0.002" /><testcase classname="tests.test_golden_dataset" name="test_secops_verdicts_match_expected[evt_open_ip_007.json-evt_open_ip_007.json]" time="0.003" /><testcase classname="tests.test_golden_dataset" name="test_secops_verdicts_match_expected[evt_open_ip_008.json-evt_open_ip_008.json]" time="0.001" /><testcase classname="tests.test_golden_dataset" name="test_secops_verdicts_match_expected[evt_open_ip_009.json-evt_open_ip_009.json]" time="0.001" /><testcase classname="tests.test_golden_dataset" name="test_secops_verdicts_match_expected[evt_ssh_bruteforce_001.json-evt_ssh_bruteforce_001.json]" time="0.001" /><testcase classname="tests.test_golden_dataset" name="test_secops_verdicts_match_expected[evt_ssh_bruteforce_002.json-evt_ssh_bruteforce_002.json]" time="0.001" /><testcase classname="tests.test_golden_dataset" name="test_secops_verdicts_match_expected[evt_ssh_bruteforce_003.json-evt_ssh_bruteforce_003.json]" time="0.001" /><testcase classname="tests.test_golden_dataset" name="test_secops_verdicts_match_expected[evt_ssh_bruteforce_004.json-evt_ssh_bruteforce_004.json]" time="0.001" /><testcase classname="tests.test_golden_dataset" name="test_secops_verdicts_match_expected[evt_ssh_bruteforce_005.json-evt_ssh_bruteforce_005.json]" time="0.001" /><testcase classname="tests.test_golden_dataset" name="test_secops_verdicts_match_expected[evt_ssh_bruteforce_006.json-evt_ssh_bruteforce_006.json]" time="0.001" /><testcase classname="tests.test_golden_dataset" name="test_secops_verdicts_match_expected[evt_ssh_bruteforce_007.json-evt_ssh_bruteforce_007.json]" time="0.001" /><testcase classname="tests.test_golden_dataset" name="test_secops_expected_source_points_at_its_input" time="0.004" /><testcase classname="tests.test_golden_dataset" name="test_secops_case_ids_are_unique" time="0.003" /><testcase classname="tests.test_golden_dataset" name="test_secops_expected_covers_every_risk_level" time="0.002" /><testcase classname="tests.test_guardrails" name="test_guardrail_blocks_unlisted_runbook[RUNBOOK_EC2_DOWNSIZE]" time="0.001" /><testcase classname="tests.test_guardrails" name="test_guardrail_blocks_unlisted_runbook[RUNBOOK_IP_BLOCK]" time="0.001" /><testcase classname="tests.test_guardrails" name="test_rollback_runbooks_are_listed_but_not_ai_recommendable[RUNBOOK_EC2_REVERT_SIZE]" time="0.001" /><testcase classname="tests.test_guardrails" name="test_rollback_runbooks_are_listed_but_not_ai_recommendable[RUNBOOK_EC2_UNISOLATE]" time="0.001" /><testcase classname="tests.test_guardrails" name="test_rollback_runbooks_are_listed_but_not_ai_recommendable[RUNBOOK_SG_RECREATE]" time="0.001" /><testcase classname="tests.test_guardrails" name="test_runbook_free_exemption_is_derived_from_the_contract" time="0.000" /><testcase classname="tests.test_guardrails" name="test_golden_asset_arns_pass_all_four_steps" time="0.004" /><testcase classname="tests.test_guardrails" name="test_guardrail_blocks_arn_scope_escalation[other_account_iam_role]" time="0.001" /><testcase classname="tests.test_guardrails" name="test_guardrail_blocks_arn_scope_escalation[wildcard]" time="0.001" /><testcase classname="tests.test_guardrails" name="test_guardrail_blocks_arn_scope_escalation[wildcard_resource]" time="0.001" /><testcase classname="tests.test_guardrails" name="test_guardrail_blocks_arn_scope_escalation[not_an_arn]" time="0.001" /><testcase classname="tests.test_guardrails" name="test_failed_step_reports_the_first_failing_step" time="0.001" /><testcase classname="tests.test_inject_mock_threat" name="test_json_mode_stdout_is_a_single_json_document" time="1.080" /><testcase classname="tests.test_inject_mock_threat" name="test_json_mode_summary_goes_to_stderr_not_stdout" time="1.386" /><testcase classname="apps.core-api.services.tests.test_absent_assets" name="test_unobserved_asset_is_marked_absent" time="0.814" /><testcase classname="apps.core-api.services.tests.test_absent_assets" name="test_reobserved_asset_clears_the_mark" time="0.033" /><testcase classname="apps.core-api.services.tests.test_absent_assets" name="test_absent_since_keeps_the_first_time" time="0.028" /><testcase classname="apps.core-api.services.tests.test_absent_assets" name="test_localstack_shaped_failure_marks_ec2_but_not_asg" time="0.031" /><testcase classname="apps.core-api.services.tests.test_absent_assets" name="test_unknown_failure_label_marks_nothing" time="0.020" /><testcase classname="apps.core-api.services.tests.test_absent_assets" name="test_prune_is_off_by_default" time="0.019" /><testcase classname="apps.core-api.services.tests.test_absent_assets" name="test_other_region_is_untouched" time="0.022" /><testcase classname="apps.core-api.services.tests.test_absent_assets" name="test_absent_asset_is_not_evaluated" time="0.052" /><testcase classname="apps.core-api.services.tests.test_absent_assets" name="test_absent_asset_keeps_its_history" time="0.035" /><testcase classname="apps.core-api.services.tests.test_absent_assets" name="test_unobserved_types_map_matches_labels_and_asset_types" time="0.001" /><testcase classname="apps.core-api.services.tests.test_aws_client" name="test_regions_splits_comma_list_and_trims" time="0.001" /><testcase classname="apps.core-api.services.tests.test_aws_client" name="test_regions_falls_back_to_single_region" time="0.001" /><testcase classname="apps.core-api.services.tests.test_aws_client" name="test_blank_endpoint_means_real_aws[]" time="0.001" /><testcase classname="apps.core-api.services.tests.test_aws_client" name="test_blank_endpoint_means_real_aws[   ]" time="0.001" /><testcase classname="apps.core-api.services.tests.test_aws_client" name="test_default_region_fails_loudly_when_unresolvable" time="0.001" /><testcase classname="apps.core-api.services.tests.test_aws_client" name="test_endpoint_present_targets_localstack" time="0.012" /><testcase classname="apps.core-api.services.tests.test_aws_client" name="test_endpoint_absent_targets_real_aws" time="0.006" /><testcase classname="apps.core-api.services.tests.test_aws_client" name="test_real_aws_mode_ignores_service_specific_endpoint_env" time="0.010" /><testcase classname="apps.core-api.services.tests.test_aws_client" name="test_real_aws_mode_passes_ignore_configured_endpoints_to_boto3" time="0.002" /><testcase classname="apps.core-api.services.tests.test_aws_client" name="test_localstack_mode_is_unaffected_by_stray_endpoint_env" time="0.009" /><testcase classname="apps.core-api.services.tests.test_aws_client" name="test_no_module_reads_the_switch_from_the_environment" time="0.056" /><testcase classname="apps.core-api.services.tests.test_aws_client" name="test_common_retry_config_is_applied" time="0.008" /><testcase classname="apps.core-api.services.tests.test_aws_client" name="test_overrides_merge_without_dropping_retry_config" time="0.008" /><testcase classname="apps.core-api.services.tests.test_aws_client" name="test_region_argument_overrides_default" time="0.019" /><testcase classname="apps.core-api.services.tests.test_aws_client" name="test_dummy_credentials_only_for_localstack" time="0.015" /><testcase classname="apps.core-api.services.tests.test_aws_client" name="test_existing_credentials_are_never_overwritten" time="0.012" /><testcase classname="apps.core-api.services.tests.test_aws_errors" name="test_client_error_mapping[UnauthorizedOperation-PRECHECK_UNAUTHORIZED]" time="0.001" /><testcase classname="apps.core-api.services.tests.test_aws_errors" name="test_client_error_mapping[AccessDenied-PRECHECK_UNAUTHORIZED]" time="0.001" /><testcase classname="apps.core-api.services.tests.test_aws_errors" name="test_client_error_mapping[AccessDeniedException-PRECHECK_UNAUTHORIZED]" time="0.001" /><testcase classname="apps.core-api.services.tests.test_aws_errors" name="test_client_error_mapping[InvalidInstanceID.NotFound-PRECHECK_TARGET_NOT_FOUND]" time="0.001" /><testcase classname="apps.core-api.services.tests.test_aws_errors" name="test_client_error_mapping[InvalidGroup.NotFound-PRECHECK_TARGET_NOT_FOUND]" time="0.001" /><testcase classname="apps.core-api.services.tests.test_aws_errors" name="test_client_error_mapping[InvalidNetworkAclID.NotFound-PRECHECK_TARGET_NOT_FOUND]" time="0.001" /><testcase classname="apps.core-api.services.tests.test_aws_errors" name="test_client_error_mapping[InvalidVolume.NotFound-PRECHECK_TARGET_NOT_FOUND]" time="0.001" /><testcase classname="apps.core-api.services.tests.test_aws_errors" name="test_client_error_mapping[TargetGroupNotFound-PRECHECK_TARGET_NOT_FOUND]" time="0.001" /><testcase classname="apps.core-api.services.tests.test_aws_errors" name="test_client_error_mapping[InvalidTarget-PRECHECK_TARGET_NOT_FOUND]" time="0.001" /><testcase classname="apps.core-api.services.tests.test_aws_errors" name="test_client_error_mapping[IncorrectInstanceState-PRECHECK_INVALID_STATE]" time="0.001" /><testcase classname="apps.core-api.services.tests.test_aws_errors" name="test_client_error_mapping[DependencyViolation-PRECHECK_INVALID_STATE]" time="0.001" /><testcase classname="apps.core-api.services.tests.test_aws_errors" name="test_client_error_mapping[VolumeInUse-PRECHECK_INVALID_STATE]" time="0.001" /><testcase classname="apps.core-api.services.tests.test_aws_errors" name="test_client_error_mapping[InvalidGroup.InUse-PRECHECK_INVALID_STATE]" time="0.001" /><testcase classname="apps.core-api.services.tests.test_aws_errors" name="test_client_error_mapping[InternalFailure-PRECHECK_AWS_ERROR]" time="0.001" /><testcase classname="apps.core-api.services.tests.test_aws_errors" name="test_client_error_mapping[ValidationError-PRECHECK_AWS_ERROR]" time="0.001" /><testcase classname="apps.core-api.services.tests.test_aws_errors" name="test_client_error_mapping[-PRECHECK_AWS_ERROR]" time="0.001" /><testcase classname="apps.core-api.services.tests.test_aws_errors" name="test_param_validation_error_is_our_contract_problem" time="0.001" /><testcase classname="apps.core-api.services.tests.test_aws_errors" name="test_transport_failure_is_aws_error" time="0.001" /><testcase classname="apps.core-api.services.tests.test_aws_errors" name="test_non_aws_exception_is_not_classified" time="0.000" /><testcase classname="apps.core-api.services.tests.test_aws_errors" name="test_aws_error_code_reads_the_response" time="0.000" /><testcase classname="apps.core-api.services.tests.test_aws_errors" name="test_dry_run_operation_exception_is_the_only_pass" time="0.000" /><testcase classname="apps.core-api.services.tests.test_aws_errors" name="test_silent_success_is_rejected_and_logged_critical" time="0.001" /><testcase classname="apps.core-api.services.tests.test_aws_errors" name="test_dry_run_flag_is_added_by_the_helper" time="0.000" /><testcase classname="apps.core-api.services.tests.test_aws_errors" name="test_caller_may_not_pass_dry_run_itself" time="0.000" /><testcase classname="apps.core-api.services.tests.test_aws_errors" name="test_dry_run_failures_use_the_same_mapping[UnauthorizedOperation-PRECHECK_UNAUTHORIZED]" time="0.001" /><testcase classname="apps.core-api.services.tests.test_aws_errors" name="test_dry_run_failures_use_the_same_mapping[AccessDenied-PRECHECK_UNAUTHORIZED]" time="0.000" /><testcase classname="apps.core-api.services.tests.test_aws_errors" name="test_dry_run_failures_use_the_same_mapping[AccessDeniedException-PRECHECK_UNAUTHORIZED]" time="0.000" /><testcase classname="apps.core-api.services.tests.test_aws_errors" name="test_dry_run_failures_use_the_same_mapping[InvalidInstanceID.NotFound-PRECHECK_TARGET_NOT_FOUND]" time="0.000" /><testcase classname="apps.core-api.services.tests.test_aws_errors" name="test_dry_run_failures_use_the_same_mapping[InvalidGroup.NotFound-PRECHECK_TARGET_NOT_FOUND]" time="0.000" /><testcase classname="apps.core-api.services.tests.test_aws_errors" name="test_dry_run_failures_use_the_same_mapping[InvalidNetworkAclID.NotFound-PRECHECK_TARGET_NOT_FOUND]" time="0.000" /><testcase classname="apps.core-api.services.tests.test_aws_errors" name="test_dry_run_failures_use_the_same_mapping[InvalidVolume.NotFound-PRECHECK_TARGET_NOT_FOUND]" time="0.001" /><testcase classname="apps.core-api.services.tests.test_aws_errors" name="test_dry_run_failures_use_the_same_mapping[TargetGroupNotFound-PRECHECK_TARGET_NOT_FOUND]" time="0.001" /><testcase classname="apps.core-api.services.tests.test_aws_errors" name="test_dry_run_failures_use_the_same_mapping[InvalidTarget-PRECHECK_TARGET_NOT_FOUND]" time="0.001" /><testcase classname="apps.core-api.services.tests.test_aws_errors" name="test_dry_run_failures_use_the_same_mapping[IncorrectInstanceState-PRECHECK_INVALID_STATE]" time="0.001" /><testcase classname="apps.core-api.services.tests.test_aws_errors" name="test_dry_run_failures_use_the_same_mapping[DependencyViolation-PRECHECK_INVALID_STATE]" time="0.000" /><testcase classname="apps.core-api.services.tests.test_aws_errors" name="test_dry_run_failures_use_the_same_mapping[VolumeInUse-PRECHECK_INVALID_STATE]" time="0.001" /><testcase classname="apps.core-api.services.tests.test_aws_errors" name="test_dry_run_failures_use_the_same_mapping[InvalidGroup.InUse-PRECHECK_INVALID_STATE]" time="0.001" /><testcase classname="apps.core-api.services.tests.test_aws_errors" name="test_dry_run_failures_use_the_same_mapping[InternalFailure-PRECHECK_AWS_ERROR]" time="0.001" /><testcase classname="apps.core-api.services.tests.test_aws_errors" name="test_dry_run_failures_use_the_same_mapping[ValidationError-PRECHECK_AWS_ERROR]" time="0.001" /><testcase classname="apps.core-api.services.tests.test_aws_errors" name="test_dry_run_failures_use_the_same_mapping[-PRECHECK_AWS_ERROR]" time="0.001" /><testcase classname="apps.core-api.services.tests.test_aws_errors" name="test_dry_run_param_validation_error_is_param_invalid" time="0.000" /><testcase classname="apps.core-api.services.tests.test_aws_errors" name="test_only_transient_aws_errors_are_retried" time="0.000" /><testcase classname="apps.core-api.services.tests.test_aws_errors" name="test_throttling_and_transport_failures_are_retryable[exc0]" time="0.000" /><testcase classname="apps.core-api.services.tests.test_aws_errors" name="test_throttling_and_transport_failures_are_retryable[exc1]" time="0.000" /><testcase classname="apps.core-api.services.tests.test_aws_errors" name="test_denied_probe_is_not_retryable" time="0.000" /><testcase classname="apps.core-api.services.tests.test_backup_capture" name="test_capture_carries_the_declared_backup_type" time="0.001" /><testcase classname="apps.core-api.services.tests.test_backup_capture" name="test_capture_records_the_revert_inputs" time="0.000" /><testcase classname="apps.core-api.services.tests.test_backup_capture" name="test_capture_keeps_only_the_declared_fields" time="0.000" /><testcase classname="apps.core-api.services.tests.test_backup_capture" name="test_capture_records_the_public_ip_before_the_change" time="0.000" /><testcase classname="apps.core-api.services.tests.test_backup_capture" name="test_capture_records_the_eip_association_when_present" time="0.001" /><testcase classname="apps.core-api.services.tests.test_backup_capture" name="test_auto_assigned_public_ip_leaves_the_eip_association_empty" time="0.001" /><testcase classname="apps.core-api.services.tests.test_backup_capture" name="test_missing_public_ip_does_not_block_the_capture" time="0.001" /><testcase classname="apps.core-api.services.tests.test_backup_capture" name="test_capture_uses_the_region_it_was_given" time="0.001" /><testcase classname="apps.core-api.services.tests.test_backup_capture" name="test_optional_fields_stay_none_when_aws_omits_them" time="0.000" /><testcase classname="apps.core-api.services.tests.test_backup_capture" name="test_blank_strings_are_stored_as_none" time="0.001" /><testcase classname="apps.core-api.services.tests.test_backup_capture" name="test_aws_errors_become_reason_codes_not_exceptions[error0-PRECHECK_TARGET_NOT_FOUND]" time="0.001" /><testcase classname="apps.core-api.services.tests.test_backup_capture" name="test_aws_errors_become_reason_codes_not_exceptions[error1-PRECHECK_UNAUTHORIZED]" time="0.001" /><testcase classname="apps.core-api.services.tests.test_backup_capture" name="test_aws_errors_become_reason_codes_not_exceptions[error2-PRECHECK_AWS_ERROR]" time="0.001" /><testcase classname="apps.core-api.services.tests.test_backup_capture" name="test_aws_errors_become_reason_codes_not_exceptions[error3-PRECHECK_AWS_ERROR]" time="0.001" /><testcase classname="apps.core-api.services.tests.test_backup_capture" name="test_missing_instance_is_target_not_found" time="0.001" /><testcase classname="apps.core-api.services.tests.test_backup_capture" name="test_missing_revert_input_fails_the_capture[InstanceId]" time="0.001" /><testcase classname="apps.core-api.services.tests.test_backup_capture" name="test_missing_revert_input_fails_the_capture[InstanceType]" time="0.001" /><testcase classname="apps.core-api.services.tests.test_backup_capture" name="test_missing_revert_input_fails_the_capture[State]" time="0.001" /><testcase classname="apps.core-api.services.tests.test_backup_capture" name="test_capture_result_cannot_be_both_success_and_failure" time="0.000" /><testcase classname="apps.core-api.services.tests.test_backup_capture" name="test_nacl_capture_carries_the_declared_backup_type" time="0.001" /><testcase classname="apps.core-api.services.tests.test_backup_capture" name="test_nacl_capture_records_the_slot_and_the_fingerprint" time="0.001" /><testcase classname="apps.core-api.services.tests.test_backup_capture" name="test_nacl_capture_stores_the_protocol_as_an_aws_number" time="0.001" /><testcase classname="apps.core-api.services.tests.test_backup_capture" name="test_nacl_capture_refuses_a_slot_that_is_already_used" time="0.001" /><testcase classname="apps.core-api.services.tests.test_backup_capture" name="test_nacl_capture_ignores_an_outbound_rule_in_the_same_slot" time="0.000" /><testcase classname="apps.core-api.services.tests.test_backup_capture" name="test_nacl_capture_ignores_other_rule_numbers" time="0.000" /><testcase classname="apps.core-api.services.tests.test_backup_capture" name="test_nacl_capture_turns_aws_errors_into_reason_codes[error0-PRECHECK_TARGET_NOT_FOUND]" time="0.001" /><testcase classname="apps.core-api.services.tests.test_backup_capture" name="test_nacl_capture_turns_aws_errors_into_reason_codes[error1-PRECHECK_UNAUTHORIZED]" time="0.001" /><testcase classname="apps.core-api.services.tests.test_backup_capture" name="test_nacl_capture_turns_aws_errors_into_reason_codes[error2-PRECHECK_AWS_ERROR]" time="0.001" /><testcase classname="apps.core-api.services.tests.test_backup_capture" name="test_missing_nacl_is_target_not_found" time="0.001" /><testcase classname="apps.core-api.services.tests.test_backup_capture" name="test_nacl_capture_rejects_an_unknown_protocol_spelling" time="0.001" /><testcase classname="apps.core-api.services.tests.test_backup_capture" name="test_nacl_capture_rejects_a_host_cidr" time="0.001" /><testcase classname="apps.core-api.services.tests.test_backup_localstack" name="test_capture_reproduces_the_live_instance_spec" time="0.108" /><testcase classname="apps.core-api.services.tests.test_backup_localstack" name="test_live_payload_round_trips_through_the_contract" time="0.032" /><testcase classname="apps.core-api.services.tests.test_backup_localstack" name="test_absent_instance_is_target_not_found" time="0.034" /><testcase classname="apps.core-api.services.tests.test_collector_raw" name="test_collect_region_ec2_raw" time="18.310" /><testcase classname="apps.core-api.services.tests.test_collector_raw" name="test_collect_region_sg_raw" time="0.001" /><testcase classname="apps.core-api.services.tests.test_collector_raw" name="test_open_to_world_detected_by_collector" time="0.001" /><testcase classname="apps.core-api.services.tests.test_collector_raw" name="test_collect_region_ebs_raw" time="0.001" /><testcase classname="apps.core-api.services.tests.test_collector_raw" name="test_collect_region_launch_template_raw" time="0.001" /><testcase classname="apps.core-api.services.tests.test_collector_raw" name="test_asg_degrades_on_pro_only_service" time="0.001" /><testcase classname="apps.core-api.services.tests.test_collector_raw" name="test_alb_target_group_degrades_on_pro_only_service" time="0.001" /><testcase classname="apps.core-api.services.tests.test_collector_unit" name="test_paginate_flattens_all_pages" time="0.001" /><testcase classname="apps.core-api.services.tests.test_collector_unit" name="test_paginate_empty_pages" time="0.001" /><testcase classname="apps.core-api.services.tests.test_collector_unit" name="test_safe_describe_passes_through_and_no_failure" time="0.001" /><testcase classname="apps.core-api.services.tests.test_collector_unit" name="test_safe_describe_absorbs_client_error_and_records_reason" time="0.001" /><testcase classname="apps.core-api.services.tests.test_collector_unit" name="test_safe_describe_absorbs_botocore_error_with_class_name" time="0.001" /><testcase classname="apps.core-api.services.tests.test_collector_unit" name="test_safe_describe_does_not_swallow_unexpected_error" time="0.000" /><testcase classname="apps.core-api.services.tests.test_collector_unit" name="test_registered_instance_ids_dedups_multiport" time="0.000" /><testcase classname="apps.core-api.services.tests.test_collector_unit" name="test_is_alb_target_group_filters_by_protocol" time="0.001" /><testcase classname="apps.core-api.services.tests.test_collector_unit" name="test_collect_store_region_retries_once_then_succeeds" time="0.001" /><testcase classname="apps.core-api.services.tests.test_collector_unit" name="test_collect_store_region_isolates_failure_and_records" time="0.003" /><testcase classname="apps.core-api.services.tests.test_collector_unit" name="test_reusable_returns_map_when_every_instance_covered" time="0.000" /><testcase classname="apps.core-api.services.tests.test_collector_unit" name="test_reusable_is_none_when_one_instance_missing" time="0.000" /><testcase classname="apps.core-api.services.tests.test_collector_unit" name="test_reusable_is_none_without_fresh_rows" time="0.000" /><testcase classname="apps.core-api.services.tests.test_collector_unit" name="test_reusable_is_none_when_no_instances" time="0.000" /><testcase classname="apps.core-api.services.tests.test_dryrun_support_matrix" name="test_code_matrix_matches_the_adr_table" time="0.002" /><testcase classname="apps.core-api.services.tests.test_dryrun_support_matrix" name="test_every_whitelisted_runbook_is_covered" time="0.001" /><testcase classname="apps.core-api.services.tests.test_dryrun_support_matrix" name="test_verdict_requires_both_the_exception_and_an_unchanged_resource[DryRunOperation-False-DryRun]" time="0.001" /><testcase classname="apps.core-api.services.tests.test_dryrun_support_matrix" name="test_verdict_requires_both_the_exception_and_an_unchanged_resource[DryRunOperation-True-\uc870\ud68c \ub300\uccb4]" time="0.001" /><testcase classname="apps.core-api.services.tests.test_dryrun_support_matrix" name="test_verdict_requires_both_the_exception_and_an_unchanged_resource[\uc5c6\uc74c-False-\uc870\ud68c \ub300\uccb4]" time="0.001" /><testcase classname="apps.core-api.services.tests.test_dryrun_support_matrix" name="test_verdict_requires_both_the_exception_and_an_unchanged_resource[\uc5c6\uc74c-True-\uc870\ud68c \ub300\uccb4]" time="0.001" /><testcase classname="apps.core-api.services.tests.test_dryrun_support_matrix" name="test_verdict_requires_both_the_exception_and_an_unchanged_resource[ParamValidationError-False-\uc870\ud68c \ub300\uccb4]" time="0.001" /><testcase classname="apps.core-api.services.tests.test_dryrun_support_matrix" name="test_verdict_requires_both_the_exception_and_an_unchanged_resource[UnauthorizedOperation-False-\uc870\ud68c \ub300\uccb4]" time="0.000" /><testcase classname="apps.core-api.services.tests.test_dryrun_support_matrix" name="test_probe_reproduces_the_matrix" time="3.357" /><testcase classname="apps.core-api.services.tests.test_dryrun_support_matrix" name="test_nacl_operations_are_the_ones_that_actually_mutate" time="0.001" /><testcase classname="apps.core-api.services.tests.test_execute_localstack" name="test_rightsizing_actually_changes_the_instance_type" time="0.586" /><testcase classname="apps.core-api.services.tests.test_execute_localstack" name="test_every_step_is_recorded_with_its_effect" time="0.482" /><testcase classname="apps.core-api.services.tests.test_execute_localstack" name="test_missing_instance_is_reported_not_raised" time="0.182" /><testcase classname="apps.core-api.services.tests.test_execute_nacl_add_deny" name="test_inserts_one_inbound_deny_rule" time="0.001" /><testcase classname="apps.core-api.services.tests.test_execute_nacl_add_deny" name="test_sends_the_protocol_as_an_aws_number[tcp-6]" time="0.001" /><testcase classname="apps.core-api.services.tests.test_execute_nacl_add_deny" name="test_sends_the_protocol_as_an_aws_number[udp-17]" time="0.001" /><testcase classname="apps.core-api.services.tests.test_execute_nacl_add_deny" name="test_sends_the_protocol_as_an_aws_number[icmp-1]" time="0.000" /><testcase classname="apps.core-api.services.tests.test_execute_nacl_add_deny" name="test_sends_the_protocol_as_an_aws_number[-1--1]" time="0.001" /><testcase classname="apps.core-api.services.tests.test_execute_nacl_add_deny" name="test_sends_the_whole_port_range_for_tcp_and_udp[tcp]" time="0.001" /><testcase classname="apps.core-api.services.tests.test_execute_nacl_add_deny" name="test_sends_the_whole_port_range_for_tcp_and_udp[udp]" time="0.001" /><testcase classname="apps.core-api.services.tests.test_execute_nacl_add_deny" name="test_does_not_send_a_port_range_for_protocols_without_ports[icmp]" time="0.002" /><testcase classname="apps.core-api.services.tests.test_execute_nacl_add_deny" name="test_does_not_send_a_port_range_for_protocols_without_ports[-1]" time="0.001" /><testcase classname="apps.core-api.services.tests.test_execute_nacl_add_deny" name="test_success_step_says_the_asset_changed" time="0.001" /><testcase classname="apps.core-api.services.tests.test_execute_nacl_add_deny" name="test_records_in_progress_before_the_aws_call" time="0.001" /><testcase classname="apps.core-api.services.tests.test_execute_nacl_add_deny" name="test_uses_the_region_from_the_target_arn" time="0.001" /><testcase classname="apps.core-api.services.tests.test_execute_nacl_add_deny" name="test_rejects_a_target_that_is_not_a_nacl[arn:aws:ec2:ap-northeast-2:123456789012:instance/i-0abc123456789def0]" time="0.001" /><testcase classname="apps.core-api.services.tests.test_execute_nacl_add_deny" name="test_rejects_a_target_that_is_not_a_nacl[acl-0abc123456789def0]" time="0.001" /><testcase classname="apps.core-api.services.tests.test_execute_nacl_add_deny" name="test_rejects_a_target_that_is_not_a_nacl[]" time="0.000" /><testcase classname="apps.core-api.services.tests.test_execute_nacl_add_deny" name="test_rejects_an_unknown_protocol_spelling" time="0.000" /><testcase classname="apps.core-api.services.tests.test_execute_nacl_add_deny" name="test_slot_taken_is_a_change_free_failure" time="0.001" /><testcase classname="apps.core-api.services.tests.test_execute_nacl_add_deny" name="test_unreachable_aws_leaves_the_effect_unknown" time="0.001" /><testcase classname="apps.core-api.services.tests.test_execute_nacl_add_deny" name="test_server_error_leaves_the_effect_unknown" time="0.001" /><testcase classname="apps.core-api.services.tests.test_execute_nacl_add_deny" name="test_fingerprint_matches_our_own_rule" time="0.001" /><testcase classname="apps.core-api.services.tests.test_execute_nacl_add_deny" name="test_fingerprint_rejects_a_third_party_rule[differs0]" time="0.001" /><testcase classname="apps.core-api.services.tests.test_execute_nacl_add_deny" name="test_fingerprint_rejects_a_third_party_rule[differs1]" time="0.001" /><testcase classname="apps.core-api.services.tests.test_execute_nacl_add_deny" name="test_fingerprint_rejects_a_third_party_rule[differs2]" time="0.001" /><testcase classname="apps.core-api.services.tests.test_execute_nacl_add_deny" name="test_fingerprint_rejects_a_name_spelled_protocol" time="0.001" /><testcase classname="apps.core-api.services.tests.test_execute_nacl_localstack" name="test_the_rule_actually_lands_in_the_nacl" time="0.236" /><testcase classname="apps.core-api.services.tests.test_execute_nacl_localstack" name="test_the_stored_protocol_is_the_aws_number" time="0.212" /><testcase classname="apps.core-api.services.tests.test_execute_nacl_localstack" name="test_the_step_records_the_change" time="0.227" /><testcase classname="apps.core-api.services.tests.test_execute_nacl_localstack" name="test_capture_then_execute_produces_a_matching_fingerprint" time="0.288" /><testcase classname="apps.core-api.services.tests.test_execute_nacl_localstack" name="test_capture_refuses_a_slot_that_is_already_used" time="0.229" /><testcase classname="apps.core-api.services.tests.test_execute_nacl_localstack" name="test_a_taken_slot_fails_without_changing_the_asset" time="0.251" /><testcase classname="apps.core-api.services.tests.test_execute_nacl_localstack" name="test_the_judge_read_sees_the_same_slot" time="0.532" /><testcase classname="apps.core-api.services.tests.test_execute_nacl_localstack" name="test_block_then_release_round_trip" time="0.365" /><testcase classname="apps.core-api.services.tests.test_execute_nacl_localstack" name="test_release_leaves_a_third_party_rule_in_the_slot" time="0.272" /><testcase classname="apps.core-api.services.tests.test_execute_nacl_localstack" name="test_a_missing_nacl_reads_as_target_not_found" time="0.043" /><testcase classname="apps.core-api.services.tests.test_execute_nacl_restore" name="test_deletes_the_rule_the_backup_points_at" time="0.001" /><testcase classname="apps.core-api.services.tests.test_execute_nacl_restore" name="test_the_delete_step_says_the_asset_changed" time="0.000" /><testcase classname="apps.core-api.services.tests.test_execute_nacl_restore" name="test_uses_the_region_from_the_target_arn" time="0.001" /><testcase classname="apps.core-api.services.tests.test_execute_nacl_restore" name="test_an_outbound_slot_is_deleted_as_outbound" time="0.001" /><testcase classname="apps.core-api.services.tests.test_execute_nacl_restore" name="test_an_empty_slot_is_already_released" time="0.000" /><testcase classname="apps.core-api.services.tests.test_execute_nacl_restore" name="test_a_third_party_rule_is_never_deleted[differs0]" time="0.001" /><testcase classname="apps.core-api.services.tests.test_execute_nacl_restore" name="test_a_third_party_rule_is_never_deleted[differs1]" time="0.001" /><testcase classname="apps.core-api.services.tests.test_execute_nacl_restore" name="test_a_third_party_rule_is_never_deleted[differs2]" time="0.001" /><testcase classname="apps.core-api.services.tests.test_execute_nacl_restore" name="test_the_other_direction_of_the_same_number_is_not_our_slot" time="0.001" /><testcase classname="apps.core-api.services.tests.test_execute_nacl_restore" name="test_a_failed_read_defers_without_touching_the_asset" time="0.002" /><testcase classname="apps.core-api.services.tests.test_execute_nacl_restore" name="test_a_missing_nacl_is_a_settled_failure" time="0.001" /><testcase classname="apps.core-api.services.tests.test_execute_nacl_restore" name="test_rejects_a_target_that_is_not_a_nacl[arn:aws:ec2:ap-northeast-2:123456789012:instance/i-0abc123456789def0]" time="0.001" /><testcase classname="apps.core-api.services.tests.test_execute_nacl_restore" name="test_rejects_a_target_that_is_not_a_nacl[acl-0abc]" time="0.000" /><testcase classname="apps.core-api.services.tests.test_execute_nacl_restore" name="test_rejects_a_target_that_is_not_a_nacl[]" time="0.001" /><testcase classname="apps.core-api.services.tests.test_execute_nacl_restore" name="test_a_rule_gone_between_compare_and_delete_is_change_free" time="0.001" /><testcase classname="apps.core-api.services.tests.test_execute_nacl_restore" name="test_an_unknown_delete_outcome_is_not_written_optimistically[error0]" time="0.001" /><testcase classname="apps.core-api.services.tests.test_execute_nacl_restore" name="test_an_unknown_delete_outcome_is_not_written_optimistically[error1]" time="0.001" /><testcase classname="apps.core-api.services.tests.test_execute_revert_localstack" name="test_revert_actually_restores_the_backup_instance_type" time="0.596" /><testcase classname="apps.core-api.services.tests.test_execute_revert_localstack" name="test_revert_records_every_step_with_its_effect" time="0.569" /><testcase classname="apps.core-api.services.tests.test_execute_revert_localstack" name="test_third_party_drift_leaves_the_instance_untouched" time="0.611" /><testcase classname="apps.core-api.services.tests.test_execute_revert_localstack" name="test_already_restored_instance_is_left_alone" time="0.713" /><testcase classname="apps.core-api.services.tests.test_execute_revert_size" name="test_already_restored_makes_no_aws_change" time="0.001" /><testcase classname="apps.core-api.services.tests.test_execute_revert_size" name="test_already_restored_wins_over_as_applied" time="0.001" /><testcase classname="apps.core-api.services.tests.test_execute_revert_size" name="test_as_applied_proceeds_and_does_not_record_the_comparison" time="0.001" /><testcase classname="apps.core-api.services.tests.test_execute_revert_size" name="test_third_party_drift_stops_before_any_change" time="0.001" /><testcase classname="apps.core-api.services.tests.test_execute_revert_size" name="test_third_party_drift_is_logged_as_critical" time="0.001" /><testcase classname="apps.core-api.services.tests.test_execute_revert_size" name="test_probe_failure_defers_instead_of_failing" time="0.001" /><testcase classname="apps.core-api.services.tests.test_execute_revert_size" name="test_missing_instance_is_a_verdict_not_a_deferral" time="0.001" /><testcase classname="apps.core-api.services.tests.test_execute_revert_size" name="test_deferred_outcome_cannot_carry_steps" time="0.001" /><testcase classname="apps.core-api.services.tests.test_execute_revert_size" name="test_deferred_outcome_needs_a_reason_code" time="0.000" /><testcase classname="apps.core-api.services.tests.test_execute_revert_size" name="test_restore_state_decides_whether_to_start" time="0.001" /><testcase classname="apps.core-api.services.tests.test_execute_revert_size" name="test_stop_failure_keeps_the_trace_and_stops" time="0.002" /><testcase classname="apps.core-api.services.tests.test_execute_revert_size" name="test_stop_wait_failure_is_unknown_effect" time="0.002" /><testcase classname="apps.core-api.services.tests.test_execute_revert_size" name="test_modify_failure_leaves_the_instance_stopped" time="0.001" /><testcase classname="apps.core-api.services.tests.test_execute_revert_size" name="test_modify_uses_the_backup_type_not_the_applied_type" time="0.001" /><testcase classname="apps.core-api.services.tests.test_execute_revert_size" name="test_non_instance_arn_is_rejected_without_calling_aws[arn:aws:ec2:ap-northeast-2:123456789012:security-group/sg-1]" time="0.001" /><testcase classname="apps.core-api.services.tests.test_execute_revert_size" name="test_non_instance_arn_is_rejected_without_calling_aws[not-an-arn]" time="0.001" /><testcase classname="apps.core-api.services.tests.test_execute_revert_size" name="test_empty_applied_type_is_rejected_without_calling_aws" time="0.001" /><testcase classname="apps.core-api.services.tests.test_execute_rightsizing" name="test_stop_modify_start_runs_in_that_order" time="0.001" /><testcase classname="apps.core-api.services.tests.test_execute_rightsizing" name="test_target_type_reaches_the_modify_call" time="0.001" /><testcase classname="apps.core-api.services.tests.test_execute_rightsizing" name="test_client_is_built_for_the_arn_region" time="0.001" /><testcase classname="apps.core-api.services.tests.test_execute_rightsizing" name="test_every_step_is_applied_and_summarized" time="0.001" /><testcase classname="apps.core-api.services.tests.test_execute_rightsizing" name="test_each_call_is_recorded_before_and_after" time="0.001" /><testcase classname="apps.core-api.services.tests.test_execute_rightsizing" name="test_aws_request_id_is_carried_from_the_response" time="0.001" /><testcase classname="apps.core-api.services.tests.test_execute_rightsizing" name="test_stop_waiter_is_bounded" time="0.001" /><testcase classname="apps.core-api.services.tests.test_execute_rightsizing" name="test_instance_that_was_already_stopped_is_not_started" time="0.001" /><testcase classname="apps.core-api.services.tests.test_execute_rightsizing" name="test_unknown_previous_state_starts_the_instance" time="0.001" /><testcase classname="apps.core-api.services.tests.test_execute_rightsizing" name="test_stop_rejection_changes_nothing" time="0.001" /><testcase classname="apps.core-api.services.tests.test_execute_rightsizing" name="test_stop_confirmation_timeout_leaves_the_state_unknown" time="0.001" /><testcase classname="apps.core-api.services.tests.test_execute_rightsizing" name="test_modify_failure_leaves_the_instance_stopped" time="0.001" /><testcase classname="apps.core-api.services.tests.test_execute_rightsizing" name="test_start_failure_keeps_the_applied_type_change_visible" time="0.001" /><testcase classname="apps.core-api.services.tests.test_execute_rightsizing" name="test_server_error_leaves_the_effect_unknown" time="0.001" /><testcase classname="apps.core-api.services.tests.test_execute_rightsizing" name="test_throttling_is_a_rejection_even_though_it_is_5xx" time="0.001" /><testcase classname="apps.core-api.services.tests.test_execute_rightsizing" name="test_response_without_a_status_code_is_unknown" time="0.001" /><testcase classname="apps.core-api.services.tests.test_execute_rightsizing" name="test_unreachable_endpoint_is_unknown_not_rejected" time="0.002" /><testcase classname="apps.core-api.services.tests.test_execute_rightsizing" name="test_param_validation_error_is_a_rejection" time="0.001" /><testcase classname="apps.core-api.services.tests.test_execute_rightsizing" name="test_failed_step_records_the_reason" time="0.001" /><testcase classname="apps.core-api.services.tests.test_execute_rightsizing" name="test_failure_is_recorded_before_the_call_returns" time="0.001" /><testcase classname="apps.core-api.services.tests.test_execute_rightsizing" name="test_non_instance_target_never_reaches_aws[arn:aws:ec2:ap-northeast-2:123456789012:volume/vol-0abc123456789def0]" time="0.001" /><testcase classname="apps.core-api.services.tests.test_execute_rightsizing" name="test_non_instance_target_never_reaches_aws[i-0abc123456789def0]" time="0.001" /><testcase classname="apps.core-api.services.tests.test_execute_rightsizing" name="test_non_instance_target_never_reaches_aws[]" time="0.001" /><testcase classname="apps.core-api.services.tests.test_execute_rightsizing" name="test_empty_target_type_never_reaches_aws[]" time="0.001" /><testcase classname="apps.core-api.services.tests.test_execute_rightsizing" name="test_empty_target_type_never_reaches_aws[   ]" time="0.001" /><testcase classname="apps.core-api.services.tests.test_execute_rightsizing" name="test_outcome_requires_reason_and_summary_together" time="0.001" /><testcase classname="apps.core-api.services.tests.test_persistence_pipeline" name="test_persist_inventory_and_run_rule_engine" time="0.043" /><testcase classname="apps.core-api.services.tests.test_persistence_pipeline" name="test_skip_reason_code_persisted" time="0.052" /><testcase classname="apps.core-api.services.tests.test_persistence_pipeline" name="test_nacl_topology_relationship" time="0.046" /><testcase classname="apps.core-api.services.tests.test_persistence_pipeline" name="test_skip_to_non_skip_clears_reason_code" time="0.071" /><testcase classname="apps.core-api.services.tests.test_persistence_pipeline" name="test_ebs_topology_and_verdict" time="0.064" /><testcase classname="apps.core-api.services.tests.test_persistence_pipeline" name="test_asg_launch_template_topology" time="0.042" /><testcase classname="apps.core-api.services.tests.test_persistence_pipeline" name="test_degraded_collectors_finish_run_partial" time="0.021" /><testcase classname="apps.core-api.services.tests.test_persistence_pipeline" name="test_alb_target_group_topology" time="0.032" /><testcase classname="apps.core-api.services.tests.test_persistence_pipeline" name="test_registered_in_deduped_no_unique_violation" time="0.028" /><testcase classname="apps.core-api.services.tests.test_persistence_pipeline" name="test_all_six_skip_reason_codes_persisted" time="0.088" /><testcase classname="apps.core-api.services.tests.test_persistence_pipeline" name="test_reused_summary_is_persisted_with_original_window" time="0.029" /><testcase classname="apps.core-api.services.tests.test_persistence_pipeline" name="test_fresh_lookup_returns_recent_rows_and_skips_stale" time="0.027" /><testcase classname="apps.core-api.services.tests.test_persistence_pipeline" name="test_fresh_lookup_is_scoped_to_region" time="0.027" /><testcase classname="apps.core-api.services.tests.test_persistence_pipeline" name="test_reuse_does_not_extend_freshness_across_cycles" time="0.060" /><testcase classname="apps.core-api.services.tests.test_precheck_dispatch" name="test_every_whitelisted_runbook_is_implemented" time="0.002" /><testcase classname="apps.core-api.services.tests.test_precheck_dispatch" name="test_every_spec_has_a_handler" time="0.001" /><testcase classname="apps.core-api.services.tests.test_precheck_dispatch" name="test_unknown_runbook_is_not_implemented" time="0.001" /><testcase classname="apps.core-api.services.tests.test_precheck_dispatch" name="test_rollback_runbooks_are_dispatched_too" time="0.001" /><testcase classname="apps.core-api.services.tests.test_precheck_dispatch" name="test_valid_input_passes[RUNBOOK_EBS_DELETE_UNATTACHED]" time="0.002" /><testcase classname="apps.core-api.services.tests.test_precheck_dispatch" name="test_valid_input_passes[RUNBOOK_EC2_ENABLE_AUTOSCALING]" time="0.001" /><testcase classname="apps.core-api.services.tests.test_precheck_dispatch" name="test_valid_input_passes[RUNBOOK_EC2_ISOLATE]" time="0.002" /><testcase classname="apps.core-api.services.tests.test_precheck_dispatch" name="test_valid_input_passes[RUNBOOK_EC2_REVERT_SIZE]" time="0.001" /><testcase classname="apps.core-api.services.tests.test_precheck_dispatch" name="test_valid_input_passes[RUNBOOK_EC2_RIGHTSIZING]" time="0.001" /><testcase classname="apps.core-api.services.tests.test_precheck_dispatch" name="test_valid_input_passes[RUNBOOK_EC2_UNISOLATE]" time="0.001" /><testcase classname="apps.core-api.services.tests.test_precheck_dispatch" name="test_valid_input_passes[RUNBOOK_NACL_ADD_DENY]" time="0.001" /><testcase classname="apps.core-api.services.tests.test_precheck_dispatch" name="test_valid_input_passes[RUNBOOK_NACL_RESTORE]" time="0.001" /><testcase classname="apps.core-api.services.tests.test_precheck_dispatch" name="test_valid_input_passes[RUNBOOK_SG_DELETE_ISOLATED]" time="0.001" /><testcase classname="apps.core-api.services.tests.test_precheck_dispatch" name="test_valid_input_passes[RUNBOOK_SG_RECREATE]" time="0.001" /><testcase classname="apps.core-api.services.tests.test_precheck_dispatch" name="test_summary_items_never_collide_with_the_separator[RUNBOOK_EBS_DELETE_UNATTACHED]" time="0.001" /><testcase classname="apps.core-api.services.tests.test_precheck_dispatch" name="test_summary_items_never_collide_with_the_separator[RUNBOOK_EC2_ENABLE_AUTOSCALING]" time="0.001" /><testcase classname="apps.core-api.services.tests.test_precheck_dispatch" name="test_summary_items_never_collide_with_the_separator[RUNBOOK_EC2_ISOLATE]" time="0.001" /><testcase classname="apps.core-api.services.tests.test_precheck_dispatch" name="test_summary_items_never_collide_with_the_separator[RUNBOOK_EC2_REVERT_SIZE]" time="0.001" /><testcase classname="apps.core-api.services.tests.test_precheck_dispatch" name="test_summary_items_never_collide_with_the_separator[RUNBOOK_EC2_RIGHTSIZING]" time="0.001" /><testcase classname="apps.core-api.services.tests.test_precheck_dispatch" name="test_summary_items_never_collide_with_the_separator[RUNBOOK_EC2_UNISOLATE]" time="0.001" /><testcase classname="apps.core-api.services.tests.test_precheck_dispatch" name="test_summary_items_never_collide_with_the_separator[RUNBOOK_NACL_ADD_DENY]" time="0.001" /><testcase classname="apps.core-api.services.tests.test_precheck_dispatch" name="test_summary_items_never_collide_with_the_separator[RUNBOOK_NACL_RESTORE]" time="0.001" /><testcase classname="apps.core-api.services.tests.test_precheck_dispatch" name="test_summary_items_never_collide_with_the_separator[RUNBOOK_SG_DELETE_ISOLATED]" time="0.001" /><testcase classname="apps.core-api.services.tests.test_precheck_dispatch" name="test_summary_items_never_collide_with_the_separator[RUNBOOK_SG_RECREATE]" time="0.001" /><testcase classname="apps.core-api.services.tests.test_precheck_dispatch" name="test_missing_required_key_is_rejected[RUNBOOK_EBS_DELETE_UNATTACHED]" time="0.001" /><testcase classname="apps.core-api.services.tests.test_precheck_dispatch" name="test_missing_required_key_is_rejected[RUNBOOK_EC2_ENABLE_AUTOSCALING]" time="0.001" /><testcase classname="apps.core-api.services.tests.test_precheck_dispatch" name="test_missing_required_key_is_rejected[RUNBOOK_EC2_ISOLATE]" time="0.001" /><testcase classname="apps.core-api.services.tests.test_precheck_dispatch" name="test_missing_required_key_is_rejected[RUNBOOK_EC2_REVERT_SIZE]" time="0.001" /><testcase classname="apps.core-api.services.tests.test_precheck_dispatch" name="test_missing_required_key_is_rejected[RUNBOOK_EC2_RIGHTSIZING]" time="0.001" /><testcase classname="apps.core-api.services.tests.test_precheck_dispatch" name="test_missing_required_key_is_rejected[RUNBOOK_EC2_UNISOLATE]" time="0.001" /><testcase classname="apps.core-api.services.tests.test_precheck_dispatch" name="test_missing_required_key_is_rejected[RUNBOOK_NACL_ADD_DENY]" time="0.001" /><testcase classname="apps.core-api.services.tests.test_precheck_dispatch" name="test_missing_required_key_is_rejected[RUNBOOK_NACL_RESTORE]" time="0.001" /><testcase classname="apps.core-api.services.tests.test_precheck_dispatch" name="test_missing_required_key_is_rejected[RUNBOOK_SG_DELETE_ISOLATED]" time="0.001" /><testcase classname="apps.core-api.services.tests.test_precheck_dispatch" name="test_missing_required_key_is_rejected[RUNBOOK_SG_RECREATE]" time="0.001" /><testcase classname="apps.core-api.services.tests.test_precheck_dispatch" name="test_unknown_key_is_rejected_without_echoing_its_name[RUNBOOK_EBS_DELETE_UNATTACHED]" time="0.001" /><testcase classname="apps.core-api.services.tests.test_precheck_dispatch" name="test_unknown_key_is_rejected_without_echoing_its_name[RUNBOOK_EC2_ENABLE_AUTOSCALING]" time="0.001" /><testcase classname="apps.core-api.services.tests.test_precheck_dispatch" name="test_unknown_key_is_rejected_without_echoing_its_name[RUNBOOK_EC2_ISOLATE]" time="0.001" /><testcase classname="apps.core-api.services.tests.test_precheck_dispatch" name="test_unknown_key_is_rejected_without_echoing_its_name[RUNBOOK_EC2_REVERT_SIZE]" time="0.001" /><testcase classname="apps.core-api.services.tests.test_precheck_dispatch" name="test_unknown_key_is_rejected_without_echoing_its_name[RUNBOOK_EC2_RIGHTSIZING]" time="0.001" /><testcase classname="apps.core-api.services.tests.test_precheck_dispatch" name="test_unknown_key_is_rejected_without_echoing_its_name[RUNBOOK_EC2_UNISOLATE]" time="0.001" /><testcase classname="apps.core-api.services.tests.test_precheck_dispatch" name="test_unknown_key_is_rejected_without_echoing_its_name[RUNBOOK_NACL_ADD_DENY]" time="0.001" /><testcase classname="apps.core-api.services.tests.test_precheck_dispatch" name="test_unknown_key_is_rejected_without_echoing_its_name[RUNBOOK_NACL_RESTORE]" time="0.001" /><testcase classname="apps.core-api.services.tests.test_precheck_dispatch" name="test_unknown_key_is_rejected_without_echoing_its_name[RUNBOOK_SG_DELETE_ISOLATED]" time="0.001" /><testcase classname="apps.core-api.services.tests.test_precheck_dispatch" name="test_unknown_key_is_rejected_without_echoing_its_name[RUNBOOK_SG_RECREATE]" time="0.001" /><testcase classname="apps.core-api.services.tests.test_precheck_dispatch" name="test_rollback_refuses_restore_values_in_parameters[RUNBOOK_EC2_REVERT_SIZE]" time="0.001" /><testcase classname="apps.core-api.services.tests.test_precheck_dispatch" name="test_rollback_refuses_restore_values_in_parameters[RUNBOOK_EC2_UNISOLATE]" time="0.001" /><testcase classname="apps.core-api.services.tests.test_precheck_dispatch" name="test_rollback_refuses_restore_values_in_parameters[RUNBOOK_SG_RECREATE]" time="0.001" /><testcase classname="apps.core-api.services.tests.test_precheck_dispatch" name="test_value_format_violations_are_rejected[RUNBOOK_EC2_RIGHTSIZING-instance_id-i-XYZ]" time="0.001" /><testcase classname="apps.core-api.services.tests.test_precheck_dispatch" name="test_value_format_violations_are_rejected[RUNBOOK_EC2_RIGHTSIZING-instance_id-i-0abc]" time="0.001" /><testcase classname="apps.core-api.services.tests.test_precheck_dispatch" name="test_value_format_violations_are_rejected[RUNBOOK_EC2_RIGHTSIZING-target_instance_type-]" time="0.001" /><testcase classname="apps.core-api.services.tests.test_precheck_dispatch" name="test_value_format_violations_are_rejected[RUNBOOK_SG_DELETE_ISOLATED-group_id-sg-]" time="0.001" /><testcase classname="apps.core-api.services.tests.test_precheck_dispatch" name="test_value_format_violations_are_rejected[RUNBOOK_EBS_DELETE_UNATTACHED-volume_id-vol-zzzz1234]" time="0.001" /><testcase classname="apps.core-api.services.tests.test_precheck_dispatch" name="test_value_format_violations_are_rejected[RUNBOOK_NACL_ADD_DENY-rule_number-0]" time="0.001" /><testcase classname="apps.core-api.services.tests.test_precheck_dispatch" name="test_value_format_violations_are_rejected[RUNBOOK_NACL_ADD_DENY-rule_number-32767]" time="0.001" /><testcase classname="apps.core-api.services.tests.test_precheck_dispatch" name="test_value_format_violations_are_rejected[RUNBOOK_NACL_ADD_DENY-rule_number-True]" time="0.001" /><testcase classname="apps.core-api.services.tests.test_precheck_dispatch" name="test_value_format_violations_are_rejected[RUNBOOK_NACL_ADD_DENY-cidr_block-203.0.113.5]" time="0.001" /><testcase classname="apps.core-api.services.tests.test_precheck_dispatch" name="test_value_format_violations_are_rejected[RUNBOOK_NACL_ADD_DENY-cidr_block-not-an-ip/32]" time="0.001" /><testcase classname="apps.core-api.services.tests.test_precheck_dispatch" name="test_value_format_violations_are_rejected[RUNBOOK_NACL_ADD_DENY-protocol-sctp]" time="0.001" /><testcase classname="apps.core-api.services.tests.test_precheck_dispatch" name="test_value_format_violations_are_rejected[RUNBOOK_NACL_RESTORE-egress-false]" time="0.001" /><testcase classname="apps.core-api.services.tests.test_precheck_dispatch" name="test_value_format_violations_are_rejected[RUNBOOK_EC2_ENABLE_AUTOSCALING-max_size-5]" time="0.001" /><testcase classname="apps.core-api.services.tests.test_precheck_dispatch" name="test_value_format_violations_are_rejected[RUNBOOK_EC2_ENABLE_AUTOSCALING-min_size-0]" time="0.001" /><testcase classname="apps.core-api.services.tests.test_precheck_dispatch" name="test_value_format_violations_are_rejected[RUNBOOK_EC2_ISOLATE-target_group_arn-arn:aws:ec2:x:y:instance/i-1]" time="0.001" /><testcase classname="apps.core-api.services.tests.test_precheck_dispatch" name="test_value_format_violations_are_rejected[RUNBOOK_EC2_ISOLATE-isolation_group_id-i-0abc123456789def0]" time="0.001" /><testcase classname="apps.core-api.services.tests.test_precheck_dispatch" name="test_min_size_may_not_exceed_max_size" time="0.001" /><testcase classname="apps.core-api.services.tests.test_precheck_dispatch" name="test_malformed_target_arn_is_rejected[]" time="0.001" /><testcase classname="apps.core-api.services.tests.test_precheck_dispatch" name="test_malformed_target_arn_is_rejected[not-an-arn]" time="0.001" /><testcase classname="apps.core-api.services.tests.test_precheck_dispatch" name="test_malformed_target_arn_is_rejected[arn:aws:ec2:r:a:instance]" time="0.001" /><testcase classname="apps.core-api.services.tests.test_precheck_dispatch" name="test_malformed_target_arn_is_rejected[arn:aws:ec2]" time="0.001" /><testcase classname="apps.core-api.services.tests.test_precheck_dispatch" name="test_primary_parameter_must_match_target_arn" time="0.001" /><testcase classname="apps.core-api.services.tests.test_precheck_dispatch" name="test_target_arn_resource_type_must_match_the_runbook" time="0.001" /><testcase classname="apps.core-api.services.tests.test_precheck_dispatch" name="test_arn_parameter_from_another_account_is_rejected" time="0.001" /><testcase classname="apps.core-api.services.tests.test_precheck_dispatch" name="test_missing_loader_is_a_wiring_error_not_a_verdict[RUNBOOK_EC2_REVERT_SIZE]" time="0.001" /><testcase classname="apps.core-api.services.tests.test_precheck_dispatch" name="test_missing_loader_is_a_wiring_error_not_a_verdict[RUNBOOK_EC2_UNISOLATE]" time="0.001" /><testcase classname="apps.core-api.services.tests.test_precheck_dispatch" name="test_missing_loader_is_a_wiring_error_not_a_verdict[RUNBOOK_NACL_RESTORE]" time="0.001" /><testcase classname="apps.core-api.services.tests.test_precheck_dispatch" name="test_missing_loader_is_a_wiring_error_not_a_verdict[RUNBOOK_SG_RECREATE]" time="0.001" /><testcase classname="apps.core-api.services.tests.test_precheck_dispatch" name="test_absent_backup_record_is_target_not_found[RUNBOOK_EC2_REVERT_SIZE]" time="0.001" /><testcase classname="apps.core-api.services.tests.test_precheck_dispatch" name="test_absent_backup_record_is_target_not_found[RUNBOOK_EC2_UNISOLATE]" time="0.001" /><testcase classname="apps.core-api.services.tests.test_precheck_dispatch" name="test_absent_backup_record_is_target_not_found[RUNBOOK_NACL_RESTORE]" time="0.001" /><testcase classname="apps.core-api.services.tests.test_precheck_dispatch" name="test_absent_backup_record_is_target_not_found[RUNBOOK_SG_RECREATE]" time="0.001" /><testcase classname="apps.core-api.services.tests.test_precheck_dispatch" name="test_backup_record_of_another_resource_is_rejected[RUNBOOK_EC2_REVERT_SIZE]" time="0.001" /><testcase classname="apps.core-api.services.tests.test_precheck_dispatch" name="test_backup_record_of_another_resource_is_rejected[RUNBOOK_EC2_UNISOLATE]" time="0.001" /><testcase classname="apps.core-api.services.tests.test_precheck_dispatch" name="test_backup_record_of_another_resource_is_rejected[RUNBOOK_SG_RECREATE]" time="0.002" /><testcase classname="apps.core-api.services.tests.test_precheck_dispatch" name="test_backup_record_of_wrong_kind_is_rejected[RUNBOOK_EC2_REVERT_SIZE]" time="0.002" /><testcase classname="apps.core-api.services.tests.test_precheck_dispatch" name="test_backup_record_of_wrong_kind_is_rejected[RUNBOOK_EC2_UNISOLATE]" time="0.001" /><testcase classname="apps.core-api.services.tests.test_precheck_dispatch" name="test_backup_record_of_wrong_kind_is_rejected[RUNBOOK_SG_RECREATE]" time="0.002" /><testcase classname="apps.core-api.services.tests.test_precheck_dispatch" name="test_nacl_restore_backup_lookup_is_scoped_to_the_target[wrong0]" time="0.002" /><testcase classname="apps.core-api.services.tests.test_precheck_dispatch" name="test_nacl_restore_backup_lookup_is_scoped_to_the_target[wrong1]" time="0.001" /><testcase classname="apps.core-api.services.tests.test_precheck_dispatch" name="test_unusable_backup_payload_is_param_invalid[RUNBOOK_EC2_REVERT_SIZE-payload0]" time="0.001" /><testcase classname="apps.core-api.services.tests.test_precheck_dispatch" name="test_unusable_backup_payload_is_param_invalid[RUNBOOK_EC2_REVERT_SIZE-payload1]" time="0.002" /><testcase classname="apps.core-api.services.tests.test_precheck_dispatch" name="test_unusable_backup_payload_is_param_invalid[RUNBOOK_SG_RECREATE-payload2]" time="0.001" /><testcase classname="apps.core-api.services.tests.test_precheck_dispatch" name="test_unusable_backup_payload_is_param_invalid[RUNBOOK_EC2_UNISOLATE-payload3]" time="0.001" /><testcase classname="apps.core-api.services.tests.test_precheck_dispatch" name="test_unusable_backup_payload_is_param_invalid[RUNBOOK_EC2_UNISOLATE-payload4]" time="0.002" /><testcase classname="apps.core-api.services.tests.test_precheck_dispatch" name="test_restore_value_comes_from_the_backup_record" time="0.002" /><testcase classname="apps.core-api.services.tests.test_precheck_dispatch" name="test_dry_run_rejection_carries_the_aws_reason[UnauthorizedOperation-PRECHECK_UNAUTHORIZED]" time="0.001" /><testcase classname="apps.core-api.services.tests.test_precheck_dispatch" name="test_dry_run_rejection_carries_the_aws_reason[InvalidInstanceID.NotFound-PRECHECK_TARGET_NOT_FOUND]" time="0.001" /><testcase classname="app
[...]
" time="0.064" /><testcase classname="apps.core-api.tests.test_nacl_restore_workflow" name="test_a_deferred_release_reuses_its_bound_backup" time="0.067" /><testcase classname="apps.core-api.tests.test_nacl_restore_workflow" name="test_parameters_can_come_from_the_validated_command" time="0.056" /><testcase classname="apps.core-api.tests.test_nacl_restore_workflow" name="test_missing_parameters_stop_before_aws" time="0.008" /><testcase classname="apps.core-api.tests.test_nacl_restore_workflow" name="test_the_runner_refuses_another_runbook" time="0.010" /><testcase classname="apps.core-api.tests.test_nacl_restore_workflow" name="test_judge_confirms_success_when_our_rule_is_gone" time="0.060" /><testcase classname="apps.core-api.tests.test_nacl_restore_workflow" name="test_judge_fails_when_our_rule_is_still_there" time="0.059" /><testcase classname="apps.core-api.tests.test_nacl_restore_workflow" name="test_judge_counts_a_reused_slot_as_released" time="0.063" /><testcase classname="apps.core-api.tests.test_nacl_restore_workflow" name="test_judge_defers_when_aws_cannot_be_asked" time="0.059" /><testcase classname="apps.core-api.tests.test_nacl_restore_workflow" name="test_judge_hands_a_vanished_nacl_to_a_person" time="0.070" /><testcase classname="apps.core-api.tests.test_nacl_restore_workflow" name="test_dispatcher_runs_block_then_release_to_success" time="0.109" /><testcase classname="apps.core-api.tests.test_nacl_restore_workflow" name="test_dispatcher_sends_an_unknown_delete_to_the_judge_next_cycle" time="0.097" /><testcase classname="apps.core-api.tests.test_nacl_restore_workflow" name="test_runner_and_judge_are_registered_as_a_pair" time="0.001" /><testcase classname="apps.core-api.tests.test_nacl_restore_workflow" name="test_a_release_candidate_passes_the_guardrail_on_our_rule" time="0.046" /><testcase classname="apps.core-api.tests.test_nacl_restore_workflow" name="test_a_release_candidate_without_a_backup_is_rejected_not_raised" time="0.041" /><testcase classname="apps.core-api.tests.test_nacl_restore_workflow" name="test_the_prefetched_loader_refuses_a_lookup_it_did_not_prepare" time="0.000" /><testcase classname="apps.core-api.tests.test_pipeline_intake" name="test_pipeline_creates_only_finops_and_preserves_first_detection_on_rescan" time="0.769" /><testcase classname="apps.core-api.tests.test_pipeline_intake" name="test_persistent_intake_failure_does_not_starve_later_assets_and_recovers" time="0.946" /><testcase classname="apps.core-api.tests.test_pipeline_intake" name="test_publish_failure_does_not_rollback_or_count_as_intake_failure" time="0.603" /><testcase classname="apps.core-api.tests.test_pipeline_intake" name="test_pipeline_does_not_disguise_another_collection_as_the_detection" time="0.265" /><testcase classname="apps.core-api.tests.test_pipeline_intake" name="test_registered_scan_job_passes_publish_to_pipeline" time="0.338" /><testcase classname="apps.core-api.tests.test_rightsizing_workflow" name="test_backup_is_committed_before_any_change" time="0.038" /><testcase classname="apps.core-api.tests.test_rightsizing_workflow" name="test_steps_are_stored_in_order" time="0.033" /><testcase classname="apps.core-api.tests.test_rightsizing_workflow" name="test_execution_stays_in_progress_until_the_dispatcher_closes_it" time="0.032" /><testcase classname="apps.core-api.tests.test_rightsizing_workflow" name="test_target_type_comes_from_the_candidate" time="0.027" /><testcase classname="apps.core-api.tests.test_rightsizing_workflow" name="test_validated_command_wins_over_the_candidate" time="0.026" /><testcase classname="apps.core-api.tests.test_rightsizing_workflow" name="test_backup_failure_stops_before_the_change" time="0.014" /><testcase classname="apps.core-api.tests.test_rightsizing_workflow" name="test_missing_target_type_fails_without_touching_aws" time="0.006" /><testcase classname="apps.core-api.tests.test_rightsizing_workflow" name="test_failed_change_keeps_the_step_trace" time="0.026" /><testcase classname="apps.core-api.tests.test_rightsizing_workflow" name="test_other_runbooks_are_rejected" time="0.007" /><testcase classname="apps.core-api.tests.test_rightsizing_workflow" name="test_finished_execution_is_not_run_again" time="0.010" /><testcase classname="apps.core-api.tests.test_rightsizing_workflow" name="test_unknown_execution_is_a_wiring_error" time="0.003" /><testcase classname="apps.core-api.tests.test_scheduler" name="test_run_pipeline_skips_when_lock_held" time="0.006" /><testcase classname="apps.core-api.tests.test_scheduler" name="test_run_pipeline_runs_and_releases_when_lock_free" time="0.004" /><testcase classname="apps.core-api.tests.test_scheduler" name="test_two_ticks_do_not_overlap" time="0.004" /><testcase classname="apps.core-api.tests.test_scheduler" name="test_lock_released_when_pipeline_raises" time="0.005" /><testcase classname="apps.core-api.tests.test_threat_ingress" name="test_real_workflow_preserves_judgement_evidence_and_read_api[evt_open_ip_001-\ubcf4\uc548 \uadf8\ub8f9 \uc778\uadf8\ub808\uc2a4 \uc804\uccb4 \uac1c\ubc29]" time="0.040" /><testcase classname="apps.core-api.tests.test_threat_ingress" name="test_real_workflow_preserves_judgement_evidence_and_read_api[evt_ssh_bruteforce_001-SSH \ube0c\ub8e8\ud2b8\ud3ec\uc2a4 \uc2dc\ub3c4]" time="0.043" /><testcase classname="apps.core-api.tests.test_threat_ingress" name="test_redelivery_preserves_analysis_but_new_observation_creates_incident" time="0.075" /><testcase classname="apps.core-api.tests.test_threat_ingress" name="test_storage_failure_rolls_back_partial_rows_and_emits_nothing" time="0.021" /><testcase classname="apps.core-api.tests.test_threat_ingress" name="test_publish_failure_leaves_committed_result_and_is_not_republished" time="0.020" /><testcase classname="apps.core-api.tests.test_threat_ingress" name="test_non_world_open_ip_is_rejected_before_storage" time="0.005" /><testcase classname="apps.core-api.tests.test_threat_ingress" name="test_inbox_retries_failed_delivery_and_continues_other_files" time="0.021" /><testcase classname="apps.core-api.tests.test_threat_ingress" name="test_oversize_input_is_rejected_without_opening_a_db_session" time="0.009" /><testcase classname="apps.core-api.tests.test_threat_ingress" name="test_stop_waits_for_inflight_delivery_and_leaves_queued_file" time="0.017" /><testcase classname="apps.core-api.tests.test_threat_ingress" name="test_prepare_cli_preserves_golden_and_only_prepares_observation" time="1.009" /><testcase classname="apps.core-api.tests.test_threat_ingress" name="test_app_consumes_s3_and_publishes_websocket_after_commit" time="0.065" /><testcase classname="apps.core-api.tests.test_threat_ingress" name="test_consumer_rejects_invalid_inbox_without_creating_directories[relative]" time="0.006" /><testcase classname="apps.core-api.tests.test_threat_ingress" name="test_consumer_rejects_invalid_inbox_without_creating_directories[missing_parent]" time="0.008" /><testcase classname="apps.core-api.tests.test_threat_ingress" name="test_consumer_creates_inbox_under_existing_parent_and_logs_path" time="0.008" /><testcase classname="apps.core-api.tests.test_threat_ingress" name="test_db_data_error_is_archived_without_retry_and_next_input_is_saved[event_id-300]" time="0.051" /><testcase classname="apps.core-api.tests.test_threat_ingress" name="test_db_data_error_is_archived_without_retry_and_next_input_is_saved[target_arn-600]" time="0.047" /><testcase classname="apps.core-api.tests.test_ws_connect" name="test_connect_without_origin_is_accepted" time="0.025" /><testcase classname="apps.core-api.tests.test_ws_connect" name="test_connect_with_allowed_origin_is_accepted" time="0.021" /><testcase classname="apps.core-api.tests.test_ws_connect" name="test_connect_with_disallowed_origin_is_rejected" time="0.022" /><testcase classname="apps.core-api.tests.test_ws_connect" name="test_any_client_frame_is_ignored_and_connection_stays" time="0.023" /><testcase classname="apps.core-api.tests.test_ws_connect" name="test_disconnect_unregisters_connection" time="0.022" /><testcase classname="apps.core-api.tests.test_ws_manager_isolation" name="test_failing_connection_is_removed_and_others_still_receive" time="0.018" /><testcase classname="apps.core-api.tests.test_ws_manager_isolation" name="test_slow_connection_hits_timeout_and_is_removed" time="0.076" /><testcase classname="apps.core-api.tests.test_ws_manager_isolation" name="test_publish_after_loop_closed_without_stop_drops_with_warning" time="0.003" /><testcase classname="apps.core-api.tests.test_ws_manager_isolation" name="test_publish_during_stop_close_wait_warns_and_drops" time="0.002" /><testcase classname="apps.core-api.tests.test_ws_manager_isolation" name="test_stop_drains_unconsumed_events_with_warning" time="0.002" /><testcase classname="apps.core-api.tests.test_ws_manager_isolation" name="test_enqueue_scheduled_before_stop_is_dropped_with_warning" time="0.003" /><testcase classname="apps.core-api.tests.test_ws_manager_isolation" name="test_inflight_event_cancelled_at_stop_leaves_drop_log" time="0.002" /><testcase classname="apps.core-api.tests.test_ws_manager_isolation" name="test_consumer_survives_broadcast_failure" time="0.017" /><testcase classname="apps.core-api.tests.test_ws_manager_isolation" name="test_slow_close_does_not_block_broadcast_removal" time="0.281" /><testcase classname="apps.core-api.tests.test_ws_manager_isolation" name="test_slow_close_does_not_block_stop" time="0.264" /><testcase classname="apps.core-api.tests.test_ws_manager_isolation" name="test_ws_send_timeout_must_be_positive" time="0.011" /><testcase classname="apps.core-api.tests.test_ws_publish" name="test_incident_event_reaches_connected_client" time="0.018" /><testcase classname="apps.core-api.tests.test_ws_publish" name="test_execution_event_carries_status_and_updated_at" time="0.024" /><testcase classname="apps.core-api.tests.test_ws_publish" name="test_all_connections_receive_same_event" time="0.027" /><testcase classname="apps.core-api.tests.test_ws_publish" name="test_publish_with_no_connections_is_noop" time="0.015" /><testcase classname="apps.core-api.tests.test_ws_publish" name="test_publish_log_reads_identifiers_from_event" time="0.020" /><testcase classname="apps.core-api.security.tests.test_risk_evaluator" name="test_golden_case_provisional[S1]" time="0.002" /><testcase classname="apps.core-api.security.tests.test_risk_evaluator" name="test_golden_case_provisional[S2]" time="0.002" /><testcase classname="apps.core-api.security.tests.test_risk_evaluator" name="test_golden_case_provisional[S5]" time="0.002" /><testcase classname="apps.core-api.security.tests.test_risk_evaluator" name="test_golden_case_provisional[S6]" time="0.001" /><testcase classname="apps.core-api.security.tests.test_risk_evaluator" name="test_golden_case_provisional[S7]" time="0.002" /><testcase classname="apps.core-api.security.tests.test_risk_evaluator" name="test_golden_case_provisional[S3]" time="0.003" /><testcase classname="apps.core-api.security.tests.test_risk_evaluator" name="test_golden_case_provisional[S4]" time="0.002" /><testcase classname="apps.core-api.security.tests.test_risk_evaluator" name="test_golden_case_provisional[S8]" time="0.002" /><testcase classname="apps.core-api.security.tests.test_risk_evaluator" name="test_golden_case_provisional[S9]" time="0.002" /><testcase classname="apps.core-api.security.tests.test_risk_evaluator" name="test_golden_case_provisional[S10]" time="0.001" /><testcase classname="apps.core-api.security.tests.test_risk_evaluator" name="test_reason_codes_non_empty[S1]" time="0.001" /><testcase classname="apps.core-api.security.tests.test_risk_evaluator" name="test_reason_codes_non_empty[S2]" time="0.001" /><testcase classname="apps.core-api.security.tests.test_risk_evaluator" name="test_reason_codes_non_empty[S5]" time="0.001" /><testcase classname="apps.core-api.security.tests.test_risk_evaluator" name="test_reason_codes_non_empty[S6]" time="0.001" /><testcase classname="apps.core-api.security.tests.test_risk_evaluator" name="test_reason_codes_non_empty[S7]" time="0.001" /><testcase classname="apps.core-api.security.tests.test_risk_evaluator" name="test_reason_codes_non_empty[S3]" time="0.001" /><testcase classname="apps.core-api.security.tests.test_risk_evaluator" name="test_reason_codes_non_empty[S4]" time="0.001" /><testcase classname="apps.core-api.security.tests.test_risk_evaluator" name="test_reason_codes_non_empty[S8]" time="0.001" /><testcase classname="apps.core-api.security.tests.test_risk_evaluator" name="test_reason_codes_non_empty[S9]" time="0.001" /><testcase classname="apps.core-api.security.tests.test_risk_evaluator" name="test_reason_codes_non_empty[S10]" time="0.001" /><testcase classname="apps.core-api.security.tests.test_risk_evaluator" name="test_ipv6_world_open_treated_like_ipv4" time="0.002" /><testcase classname="apps.core-api.security.tests.test_risk_evaluator" name="test_rdp_same_tier_as_ssh_port" time="0.001" /><testcase classname="apps.core-api.security.tests.test_risk_evaluator" name="test_ssh_medium_band_sustained_below_rate" time="0.001" /><testcase classname="apps.core-api.security.tests.test_risk_evaluator" name="test_ssh_short_burst_is_medium_not_low" time="0.001" /><testcase classname="apps.core-api.security.tests.test_risk_evaluator" name="test_non_world_open_ip_rejected" time="0.001" /><testcase classname="apps.core-api.security.tests.test_threat_normalizer" name="test_open_ip_maps_to_its_payload" time="0.001" /><testcase classname="apps.core-api.security.tests.test_threat_normalizer" name="test_ssh_maps_to_its_payload" time="0.001" /><testcase classname="apps.core-api.security.tests.test_threat_normalizer" name="test_threat_event_id_is_a_uuid" time="0.001" /><testcase classname="apps.core-api.security.tests.test_threat_normalizer" name="test_threat_event_id_is_fresh_each_call" time="0.001" /><testcase classname="apps.core-api.security.tests.test_threat_normalizer" name="test_collected_at_defaults_to_now_not_occurred_at" time="0.001" /><testcase classname="apps.core-api.security.tests.test_threat_normalizer" name="test_collected_at_is_injectable" time="0.001" /><testcase classname="apps.core-api.security.tests.test_threat_normalizer" name="test_same_observation_yields_same_key_though_event_id_differs" time="0.001" /><testcase classname="apps.core-api.security.tests.test_threat_normalizer" name="test_escalated_reobservation_is_a_new_key" time="0.001" /><testcase classname="apps.core-api.security.tests.test_threat_normalizer" name="test_same_instant_in_another_offset_is_the_same_key" time="0.001" /><testcase classname="apps.core-api.security.tests.test_threat_normalizer" name="test_naive_occurred_at_is_read_as_utc_not_host_local" time="0.001" /><testcase classname="apps.core-api.security.tests.test_threat_normalizer" name="test_ssh_key_changes_with_identity[target_arn-arn:aws:ec2:ap-northeast-2:123456789012:instance/i-other]" time="0.001" /><testcase classname="apps.core-api.security.tests.test_threat_normalizer" name="test_ssh_key_changes_with_identity[source_ip-198.51.100.7]" time="0.001" /><testcase classname="apps.core-api.security.tests.test_threat_normalizer" name="test_ssh_key_changes_with_identity[failed_attempt_count-31]" time="0.001" /><testcase classname="apps.core-api.security.tests.test_threat_normalizer" name="test_ssh_key_changes_with_identity[window_seconds-61]" time="0.001" /><testcase classname="apps.core-api.security.tests.test_threat_normalizer" name="test_ssh_key_changes_with_identity[occurred_at-2026-08-31T00:00:01Z]" time="0.001" /><testcase classname="apps.core-api.security.tests.test_threat_normalizer" name="test_open_ip_key_changes_with_identity[target_arn-arn:aws:ec2:ap-northeast-2:123456789012:security-group/sg-other]" time="0.001" /><testcase classname="apps.core-api.security.tests.test_threat_normalizer" name="test_open_ip_key_changes_with_identity[protocol-udp]" time="0.001" /><testcase classname="apps.core-api.security.tests.test_threat_normalizer" name="test_open_ip_key_changes_with_identity[from_port-3389]" time="0.001" /><testcase classname="apps.core-api.security.tests.test_threat_normalizer" name="test_open_ip_key_changes_with_identity[to_port-3389]" time="0.001" /><testcase classname="apps.core-api.security.tests.test_threat_normalizer" name="test_open_ip_key_changes_with_identity[source_cidr-10.0.0.0/8]" time="0.002" /><testcase classname="apps.core-api.security.tests.test_threat_normalizer" name="test_open_ip_key_changes_with_identity[occurred_at-2026-08-31T00:00:01Z]" time="0.001" /><testcase classname="apps.core-api.security.tests.test_threat_normalizer" name="test_open_ip_port_none_is_distinct_from_zero" time="0.001" /><testcase classname="apps.core-api.security.tests.test_threat_normalizer" name="test_key_fits_the_column" time="0.001" /><testcase classname="apps.core-api.security.tests.test_threat_normalizer" name="test_key_is_prefixed_by_event_type" time="0.000" /><testcase classname="apps.core-api.security.tests.test_threat_normalizer" name="test_schema_key_is_stripped" time="0.000" /><testcase classname="apps.core-api.security.tests.test_threat_normalizer" name="test_unknown_field_is_rejected" time="0.000" /><testcase classname="apps.core-api.security.tests.test_threat_normalizer" name="test_missing_required_field_is_rejected" time="0.000" /><testcase classname="apps.core-api.security.tests.test_threat_normalizer" name="test_every_golden_input_normalizes[evt_open_ip_001.json]" time="0.002" /><testcase classname="apps.core-api.security.tests.test_threat_normalizer" name="test_every_golden_input_normalizes[evt_open_ip_002.json]" time="0.001" /><testcase classname="apps.core-api.security.tests.test_threat_normalizer" name="test_every_golden_input_normalizes[evt_open_ip_003.json]" time="0.001" /><testcase classname="apps.core-api.security.tests.test_threat_normalizer" name="test_every_golden_input_normalizes[evt_open_ip_004.json]" time="0.002" /><testcase classname="apps.core-api.security.tests.test_threat_normalizer" name="test_every_golden_input_normalizes[evt_open_ip_005.json]" time="0.002" /><testcase classname="apps.core-api.security.tests.test_threat_normalizer" name="test_every_golden_input_normalizes[evt_open_ip_006.json]" time="0.001" /><testcase classname="apps.core-api.security.tests.test_threat_normalizer" name="test_every_golden_input_normalizes[evt_open_ip_007.json]" time="0.001" /><testcase classname="apps.core-api.security.tests.test_threat_normalizer" name="test_every_golden_input_normalizes[evt_open_ip_008.json]" time="0.001" /><testcase classname="apps.core-api.security.tests.test_threat_normalizer" name="test_every_golden_input_normalizes[evt_open_ip_009.json]" time="0.001" /><testcase classname="apps.core-api.security.tests.test_threat_normalizer" name="test_every_golden_input_normalizes[evt_ssh_bruteforce_001.json]" time="0.001" /><testcase classname="apps.core-api.security.tests.test_threat_normalizer" name="test_every_golden_input_normalizes[evt_ssh_bruteforce_002.json]" time="0.001" /><testcase classname="apps.core-api.security.tests.test_threat_normalizer" name="test_every_golden_input_normalizes[evt_ssh_bruteforce_003.json]" time="0.001" /><testcase classname="apps.core-api.security.tests.test_threat_normalizer" name="test_every_golden_input_normalizes[evt_ssh_bruteforce_004.json]" time="0.002" /><testcase classname="apps.core-api.security.tests.test_threat_normalizer" name="test_every_golden_input_normalizes[evt_ssh_bruteforce_005.json]" time="0.001" /><testcase classname="apps.core-api.security.tests.test_threat_normalizer" name="test_every_golden_input_normalizes[evt_ssh_bruteforce_006.json]" time="0.001" /><testcase classname="apps.core-api.security.tests.test_threat_normalizer" name="test_every_golden_input_normalizes[evt_ssh_bruteforce_007.json]" time="0.001" /><testcase classname="apps.core-api.security.tests.test_threat_normalizer" name="test_golden_inputs_have_distinct_keys" time="0.194" /></testsuite></testsuites>